#
# There is insufficient memory for the Java Runtime Environment to continue.
# Native memory allocation (mmap) failed to map 25690112 bytes for committing reserved memory.
# Possible reasons:
#   The system is out of physical RAM or swap space
#   In 32 bit mode, the process size limit was hit
# Possible solutions:
#   Reduce memory load on the system
#   Increase physical memory or swap space
#   Check if swap backing store is full
#   Use 64 bit Java on a 64 bit OS
#   Decrease Java heap size (-Xmx/-Xms)
#   Decrease number of Java threads
#   Decrease Java thread stack sizes (-Xss)
#   Set larger code cache with -XX:ReservedCodeCacheSize=
# This output file may be truncated or incomplete.
#
#  Out of Memory Error (os_linux.cpp:2718), pid=12023, tid=140119219595008
#
# JRE version: Java(TM) SE Runtime Environment (8.0-b132) (build 1.8.0-b132)
# Java VM: Java HotSpot(TM) 64-Bit Server VM (25.0-b70 mixed mode linux-amd64 compressed oops)
# Failed to write core dump. Core dumps have been disabled. To enable core dumping, try "ulimit -c unlimited" before starting Java again
#

---------------  T H R E A D  ---------------

Current thread (0x00007f702007c000):  VMThread [stack: 0x00007f700c3f6000,0x00007f700c4f7000] [id=12036]

Stack: [0x00007f700c3f6000,0x00007f700c4f7000],  sp=0x00007f700c4f4eb0,  free space=1019k
Native frames: (J=compiled Java code, j=interpreted, Vv=VM code, C=native code)
V  [libjvm.so+0xa2f3ea]  VMError::report_and_die()+0x2ca
V  [libjvm.so+0x4b2d0b]  report_vm_out_of_memory(char const*, int, unsigned long, VMErrorType, char const*)+0x8b
V  [libjvm.so+0x89e3d3]  os::Linux::commit_memory_impl(char*, unsigned long, bool)+0x103
V  [libjvm.so+0x89e929]  os::pd_commit_memory(char*, unsigned long, unsigned long, bool)+0x29
V  [libjvm.so+0x8985ca]  os::commit_memory(char*, unsigned long, unsigned long, bool)+0x2a
V  [libjvm.so+0x9091f3]  PSVirtualSpace::expand_by(unsigned long)+0x53
V  [libjvm.so+0x90a5f8]  PSYoungGen::resize_generation(unsigned long, unsigned long)+0xf8
V  [libjvm.so+0x909752]  PSYoungGen::resize(unsigned long, unsigned long)+0x22
V  [libjvm.so+0x906aaf]  PSScavenge::invoke_no_policy()+0xf0f
V  [libjvm.so+0x907221]  PSScavenge::invoke()+0x41
V  [libjvm.so+0x8bfe80]  ParallelScavengeHeap::failed_mem_allocate(unsigned long)+0x70
V  [libjvm.so+0xa30aa7]  VM_ParallelGCFailedAllocation::doit()+0x97
V  [libjvm.so+0xa381c5]  VM_Operation::evaluate()+0x55
V  [libjvm.so+0xa365ba]  VMThread::evaluate_operation(VM_Operation*)+0xba
V  [libjvm.so+0xa3693e]  VMThread::loop()+0x1ce
V  [libjvm.so+0xa36db0]  VMThread::run()+0x70
V  [libjvm.so+0x8a0058]  java_start(Thread*)+0x108

VM_Operation (0x00007f6f990d8370): ParallelGCFailedAllocation, mode: safepoint, requested by thread 0x00007f6f9d79e000


---------------  P R O C E S S  ---------------

Java Threads: ( => current thread )
  0x00007f6f9d79e000 JavaThread "Thread-7" [_thread_blocked, id=12062, stack(0x00007f6f98fd9000,0x00007f6f990da000)]
  0x00007f6f9d79c000 JavaThread "Thread-6" [_thread_blocked, id=12061, stack(0x00007f6f990da000,0x00007f6f991db000)]
  0x00007f6f9d738000 JavaThread "Thread-5" [_thread_blocked, id=12060, stack(0x00007f6f991db000,0x00007f6f992dc000)]
  0x00007f6f9d658800 JavaThread "jME3 Audio Thread" daemon [_thread_blocked, id=12056, stack(0x00007f6f9bcff000,0x00007f6f9be00000)]
  0x00007f6f9c01b800 JavaThread "process reaper" daemon [_thread_blocked, id=12054, stack(0x00007f700c030000,0x00007f700c069000)]
  0x00007f702000b000 JavaThread "DestroyJavaVM" [_thread_blocked, id=12027, stack(0x00007f7025f96000,0x00007f7026097000)]
  0x00007f702029a800 JavaThread "LWJGL Renderer Thread" [_thread_blocked, id=12052, stack(0x00007f6fa288d000,0x00007f6fa298e000)]
  0x00007f6fb0034000 JavaThread "Timer-0" daemon [_thread_blocked, id=12050, stack(0x00007f6fdcdd4000,0x00007f6fdced5000)]
  0x00007f7020245800 JavaThread "AWT-XAWT" daemon [_thread_blocked, id=12047, stack(0x00007f6fdd0d7000,0x00007f6fdd1d8000)]
  0x00007f7020227000 JavaThread "Java2D Disposer" daemon [_thread_blocked, id=12046, stack(0x00007f6fdd5e8000,0x00007f6fdd6e9000)]
  0x00007f70200db000 JavaThread "Service Thread" daemon [_thread_blocked, id=12044, stack(0x00007f6fdf32f000,0x00007f6fdf430000)]
  0x00007f70200be000 JavaThread "C1 CompilerThread3" daemon [_thread_blocked, id=12043, stack(0x00007f6fdf430000,0x00007f6fdf531000)]
  0x00007f70200bb800 JavaThread "C2 CompilerThread2" daemon [_thread_blocked, id=12042, stack(0x00007f6fdf531000,0x00007f6fdf632000)]
  0x00007f70200b9800 JavaThread "C2 CompilerThread1" daemon [_thread_blocked, id=12041, stack(0x00007f6ff007e000,0x00007f6ff017f000)]
  0x00007f70200b6800 JavaThread "C2 CompilerThread0" daemon [_thread_blocked, id=12040, stack(0x00007f6ff017f000,0x00007f6ff0280000)]
  0x00007f70200b4800 JavaThread "Signal Dispatcher" daemon [_thread_blocked, id=12039, stack(0x00007f700c0f3000,0x00007f700c1f4000)]
  0x00007f7020085800 JavaThread "Finalizer" daemon [_thread_blocked, id=12038, stack(0x00007f700c1f4000,0x00007f700c2f5000)]
  0x00007f7020081800 JavaThread "Reference Handler" daemon [_thread_blocked, id=12037, stack(0x00007f700c2f5000,0x00007f700c3f6000)]

Other Threads:
=>0x00007f702007c000 VMThread [stack: 0x00007f700c3f6000,0x00007f700c4f7000] [id=12036]
  0x00007f70200dd800 WatcherThread [stack: 0x00007f6fdf22e000,0x00007f6fdf32f000] [id=12045]

VM state:at safepoint (normal execution)

VM Mutex/Monitor currently owned by a thread:  ([mutex/lock_event])
[0x00007f70200072d0] Threads_lock - owner thread: 0x00007f702007c000
[0x00007f70200077d0] Heap_lock - owner thread: 0x00007f6f9d79e000

Heap:
 PSYoungGen      total 450560K, used 160K [0x00000000d7000000, 0x00000000f2b00000, 0x0000000100000000)
  eden space 449536K, 0% used [0x00000000d7000000,0x00000000d7000000,0x00000000f2700000)
  from space 1024K, 15% used [0x00000000f2900000,0x00000000f2928000,0x00000000f2a00000)
  to   space 512K, 0% used [0x00000000f2a80000,0x00000000f2a80000,0x00000000f2b00000)
 ParOldGen       total 9728K, used 7349K [0x0000000085000000, 0x0000000085980000, 0x00000000d7000000)
  object space 9728K, 75% used [0x0000000085000000,0x000000008572d5a8,0x0000000085980000)
 Metaspace       used 21467K, capacity 21598K, committed 21760K, reserved 1069056K
  class space    used 2481K, capacity 2519K, committed 2560K, reserved 1048576K

Card table byte_map: [0x00007f700f9d4000,0x00007f700fdad000] byte_map_base: 0x00007f700f5ac000

Marking Bits: (ParMarkBitMap*) 0x00007f7025469c20
 Begin Bits: [0x00007f6ff0280000, 0x00007f6ff2140000)
 End Bits:   [0x00007f6ff2140000, 0x00007f6ff4000000)

Polling page: 0x00007f70260b3000

CodeCache: size=245760Kb used=6437Kb max_used=6449Kb free=239322Kb
 bounds [0x00007f701016d000, 0x00007f70107cd000, 0x00007f701f16d000]
 total_blobs=2597 nmethods=1887 adapters=624
 compilation: enabled

Compilation events (10 events):
Event: 5.760 Thread 0x00007f70200be000 1887   !   3       sun.awt.X11.XToolkit::callTimeoutTasks (220 bytes)
Event: 5.764 Thread 0x00007f70200be000 nmethod 1887 0x00007f70107b8a90 code [0x00007f70107b8e20, 0x00007f70107bac18]
Event: 5.811 Thread 0x00007f70200bb800 1888       4       com.artemis.ComponentMapper::getSafe (38 bytes)
Event: 5.830 Thread 0x00007f70200bb800 nmethod 1888 0x00007f70107b7e90 code [0x00007f70107b8020, 0x00007f70107b8718]
Event: 5.976 Thread 0x00007f70200b9800 1889       4       com.jme3.math.Quaternion::getRotationColumn (323 bytes)
Event: 5.981 Thread 0x00007f70200b9800 nmethod 1889 0x00007f70107b7310 code [0x00007f70107b74c0, 0x00007f70107b7798]
Event: 5.993 Thread 0x00007f70200b6800 1890       4       com.jme3.util.SortUtil::merge (148 bytes)
Event: 6.002 Thread 0x00007f70200b6800 nmethod 1890 0x00007f70107bc650 code [0x00007f70107bc7e0, 0x00007f70107bd098]
Event: 6.015 Thread 0x00007f70200be000 1891       3       java.util.ArrayList::clear (39 bytes)
Event: 6.016 Thread 0x00007f70200be000 nmethod 1891 0x00007f70107bc010 code [0x00007f70107bc180, 0x00007f70107bc4f0]

GC Heap History (10 events):
Event: 5.019 GC heap after
Heap after GC invocations=45 (full 1):
 PSYoungGen      total 390656K, used 192K [0x00000000d7000000, 0x00000000ef000000, 0x0000000100000000)
  eden space 390144K, 0% used [0x00000000d7000000,0x00000000d7000000,0x00000000eed00000)
  from space 512K, 37% used [0x00000000eef80000,0x00000000eefb0000,0x00000000ef000000)
  to   space 1024K, 0% used [0x00000000eee00000,0x00000000eee00000,0x00000000eef00000)
 ParOldGen       total 9728K, used 7341K [0x0000000085000000, 0x0000000085980000, 0x00000000d7000000)
  object space 9728K, 75% used [0x0000000085000000,0x000000008572b5a8,0x0000000085980000)
 Metaspace       used 21434K, capacity 21598K, committed 21760K, reserved 1069056K
  class space    used 2481K, capacity 2519K, committed 2560K, reserved 1048576K
}
Event: 5.196 GC heap before
{Heap before GC invocations=46 (full 1):
 PSYoungGen      total 390656K, used 390336K [0x00000000d7000000, 0x00000000ef000000, 0x0000000100000000)
  eden space 390144K, 100% used [0x00000000d7000000,0x00000000eed00000,0x00000000eed00000)
  from space 512K, 37% used [0x00000000eef80000,0x00000000eefb0000,0x00000000ef000000)
  to   space 1024K, 0% used [0x00000000eee00000,0x00000000eee00000,0x00000000eef00000)
 ParOldGen       total 9728K, used 7341K [0x0000000085000000, 0x0000000085980000, 0x00000000d7000000)
  object space 9728K, 75% used [0x0000000085000000,0x000000008572b5a8,0x0000000085980000)
 Metaspace       used 21444K, capacity 21598K, committed 21760K, reserved 1069056K
  class space    used 2481K, capacity 2519K, committed 2560K, reserved 1048576K
Event: 5.198 GC heap after
Heap after GC invocations=46 (full 1):
 PSYoungGen      total 392192K, used 64K [0x00000000d7000000, 0x00000000f0e80000, 0x0000000100000000)
  eden space 391168K, 0% used [0x00000000d7000000,0x00000000d7000000,0x00000000eee00000)
  from space 1024K, 6% used [0x00000000eee00000,0x00000000eee10000,0x00000000eef00000)
  to   space 1024K, 0% used [0x00000000f0d80000,0x00000000f0d80000,0x00000000f0e80000)
 ParOldGen       total 9728K, used 7341K [0x0000000085000000, 0x0000000085980000, 0x00000000d7000000)
  object space 9728K, 75% used [0x0000000085000000,0x000000008572b5a8,0x0000000085980000)
 Metaspace       used 21444K, capacity 21598K, committed 21760K, reserved 1069056K
  class space    used 2481K, capacity 2519K, committed 2560K, reserved 1048576K
}
Event: 5.390 GC heap before
{Heap before GC invocations=47 (full 1):
 PSYoungGen      total 392192K, used 391232K [0x00000000d7000000, 0x00000000f0e80000, 0x0000000100000000)
  eden space 391168K, 100% used [0x00000000d7000000,0x00000000eee00000,0x00000000eee00000)
  from space 1024K, 6% used [0x00000000eee00000,0x00000000eee10000,0x00000000eef00000)
  to   space 1024K, 0% used [0x00000000f0d80000,0x00000000f0d80000,0x00000000f0e80000)
 ParOldGen       total 9728K, used 7341K [0x0000000085000000, 0x0000000085980000, 0x00000000d7000000)
  object space 9728K, 75% used [0x0000000085000000,0x000000008572b5a8,0x0000000085980000)
 Metaspace       used 21450K, capacity 21598K, committed 21760K, reserved 1069056K
  class space    used 2481K, capacity 2519K, committed 2560K, reserved 1048576K
Event: 5.392 GC heap after
Heap after GC invocations=47 (full 1):
 PSYoungGen      total 423424K, used 192K [0x00000000d7000000, 0x00000000f0e80000, 0x0000000100000000)
  eden space 422400K, 0% used [0x00000000d7000000,0x00000000d7000000,0x00000000f0c80000)
  from space 1024K, 18% used [0x00000000f0d80000,0x00000000f0db0000,0x00000000f0e80000)
  to   space 1024K, 0% used [0x00000000f0c80000,0x00000000f0c80000,0x00000000f0d80000)
 ParOldGen       total 9728K, used 7341K [0x0000000085000000, 0x0000000085980000, 0x00000000d7000000)
  object space 9728K, 75% used [0x0000000085000000,0x000000008572b5a8,0x0000000085980000)
 Metaspace       used 21450K, capacity 21598K, committed 21760K, reserved 1069056K
  class space    used 2481K, capacity 2519K, committed 2560K, reserved 1048576K
}
Event: 5.607 GC heap before
{Heap before GC invocations=48 (full 1):
 PSYoungGen      total 423424K, used 422592K [0x00000000d7000000, 0x00000000f0e80000, 0x0000000100000000)
  eden space 422400K, 100% used [0x00000000d7000000,0x00000000f0c80000,0x00000000f0c80000)
  from space 1024K, 18% used [0x00000000f0d80000,0x00000000f0db0000,0x00000000f0e80000)
  to   space 1024K, 0% used [0x00000000f0c80000,0x00000000f0c80000,0x00000000f0d80000)
 ParOldGen       total 9728K, used 7341K [0x0000000085000000, 0x0000000085980000, 0x00000000d7000000)
  object space 9728K, 75% used [0x0000000085000000,0x000000008572b5a8,0x0000000085980000)
 Metaspace       used 21464K, capacity 21598K, committed 21760K, reserved 1069056K
  class space    used 2481K, capacity 2519K, committed 2560K, reserved 1048576K
Event: 5.608 GC heap after
Heap after GC invocations=48 (full 1):
 PSYoungGen      total 423424K, used 160K [0x00000000d7000000, 0x00000000f2b80000, 0x0000000100000000)
  eden space 422400K, 0% used [0x00000000d7000000,0x00000000d7000000,0x00000000f0c80000)
  from space 1024K, 15% used [0x00000000f0c80000,0x00000000f0ca8000,0x00000000f0d80000)
  to   space 1024K, 0% used [0x00000000f2a80000,0x00000000f2a80000,0x00000000f2b80000)
 ParOldGen       total 9728K, used 7341K [0x0000000085000000, 0x0000000085980000, 0x00000000d7000000)
  object space 9728K, 75% used [0x0000000085000000,0x000000008572b5a8,0x0000000085980000)
 Metaspace       used 21464K, capacity 21598K, committed 21760K, reserved 1069056K
  class space    used 2481K, capacity 2519K, committed 2560K, reserved 1048576K
}
Event: 5.796 GC heap before
{Heap before GC invocations=49 (full 1):
 PSYoungGen      total 423424K, used 422560K [0x00000000d7000000, 0x00000000f2b80000, 0x0000000100000000)
  eden space 422400K, 100% used [0x00000000d7000000,0x00000000f0c80000,0x00000000f0c80000)
  from space 1024K, 15% used [0x00000000f0c80000,0x00000000f0ca8000,0x00000000f0d80000)
  to   space 1024K, 0% used [0x00000000f2a80000,0x00000000f2a80000,0x00000000f2b80000)
 ParOldGen       total 9728K, used 7341K [0x0000000085000000, 0x0000000085980000, 0x00000000d7000000)
  object space 9728K, 75% used [0x0000000085000000,0x000000008572b5a8,0x0000000085980000)
 Metaspace       used 21467K, capacity 21598K, committed 21760K, reserved 1069056K
  class space    used 2481K, capacity 2519K, committed 2560K, reserved 1048576K
Event: 5.797 GC heap after
Heap after GC invocations=49 (full 1):
 PSYoungGen      total 450048K, used 224K [0x00000000d7000000, 0x00000000f2b00000, 0x0000000100000000)
  eden space 449536K, 0% used [0x00000000d7000000,0x00000000d7000000,0x00000000f2700000)
  from space 512K, 43% used [0x00000000f2a80000,0x00000000f2ab8000,0x00000000f2b00000)
  to   space 1024K, 0% used [0x00000000f2900000,0x00000000f2900000,0x00000000f2a00000)
 ParOldGen       total 9728K, used 7349K [0x0000000085000000, 0x0000000085980000, 0x00000000d7000000)
  object space 9728K, 75% used [0x0000000085000000,0x000000008572d5a8,0x0000000085980000)
 Metaspace       used 21467K, capacity 21598K, committed 21760K, reserved 1069056K
  class space    used 2481K, capacity 2519K, committed 2560K, reserved 1048576K
}
Event: 6.028 GC heap before
{Heap before GC invocations=50 (full 1):
 PSYoungGen      total 450048K, used 449760K [0x00000000d7000000, 0x00000000f2b00000, 0x0000000100000000)
  eden space 449536K, 100% used [0x00000000d7000000,0x00000000f2700000,0x00000000f2700000)
  from space 512K, 43% used [0x00000000f2a80000,0x00000000f2ab8000,0x00000000f2b00000)
  to   space 1024K, 0% used [0x00000000f2900000,0x00000000f2900000,0x00000000f2a00000)
 ParOldGen       total 9728K, used 7349K [0x0000000085000000, 0x0000000085980000, 0x00000000d7000000)
  object space 9728K, 75% used [0x0000000085000000,0x000000008572d5a8,0x0000000085980000)
 Metaspace       used 21467K, capacity 21598K, committed 21760K, reserved 1069056K
  class space    used 2481K, capacity 2519K, committed 2560K, reserved 1048576K

Deoptimization events (10 events):
Event: 2.210 Thread 0x00007f702029a800 Uncommon trap: reason=class_check action=maybe_recompile pc=0x00007f701058c670 method=java.util.HashMap.putVal(ILjava/lang/Object;Ljava/lang/Object;ZZ)Ljava/lang/Object; @ 203
Event: 2.210 Thread 0x00007f702029a800 Uncommon trap: reason=class_check action=maybe_recompile pc=0x00007f701058c670 method=java.util.HashMap.putVal(ILjava/lang/Object;Ljava/lang/Object;ZZ)Ljava/lang/Object; @ 203
Event: 2.598 Thread 0x00007f6f9d79e000 Uncommon trap: reason=class_check action=maybe_recompile pc=0x00007f7010647124 method=com.artemis.Entity.getComponent(Ljava/lang/Class;)Lcom/artemis/Component; @ 12
Event: 2.600 Thread 0x00007f702029a800 Uncommon trap: reason=class_check action=maybe_recompile pc=0x00007f7010647124 method=com.artemis.Entity.getComponent(Ljava/lang/Class;)Lcom/artemis/Component; @ 12
Event: 2.604 Thread 0x00007f6f9d79c000 Uncommon trap: reason=class_check action=maybe_recompile pc=0x00007f7010647124 method=com.artemis.Entity.getComponent(Ljava/lang/Class;)Lcom/artemis/Component; @ 12
Event: 2.604 Thread 0x00007f6f9d79c000 Uncommon trap: reason=class_check action=maybe_recompile pc=0x00007f7010647124 method=com.artemis.Entity.getComponent(Ljava/lang/Class;)Lcom/artemis/Component; @ 12
Event: 6.011 Thread 0x00007f702029a800 Uncommon trap: reason=array_check action=maybe_recompile pc=0x00007f70107bcbcc method=com.jme3.util.SortUtil.merge([Ljava/lang/Object;[Ljava/lang/Object;IIILjava/util/Comparator;)V @ 56
Event: 6.014 Thread 0x00007f702029a800 Uncommon trap: reason=array_check action=maybe_recompile pc=0x00007f70107bcbcc method=com.jme3.util.SortUtil.merge([Ljava/lang/Object;[Ljava/lang/Object;IIILjava/util/Comparator;)V @ 56
Event: 6.014 Thread 0x00007f702029a800 Uncommon trap: reason=array_check action=maybe_recompile pc=0x00007f70107bcbcc method=com.jme3.util.SortUtil.merge([Ljava/lang/Object;[Ljava/lang/Object;IIILjava/util/Comparator;)V @ 56
Event: 6.014 Thread 0x00007f702029a800 Uncommon trap: reason=array_check action=maybe_recompile pc=0x00007f70107bcbcc method=com.jme3.util.SortUtil.merge([Ljava/lang/Object;[Ljava/lang/Object;IIILjava/util/Comparator;)V @ 56

Internal exceptions (10 events):
Event: 2.388 Thread 0x00007f702029a800 Exception <a 'java/security/PrivilegedActionException'> (0x00000000d725fc78) thrown at [/HUDSON/workspace/8-2-build-linux-amd64/jdk8/2238/hotspot/src/share/vm/prims/jvm.cpp, line 1248]
Event: 2.389 Thread 0x00007f702029a800 Exception <a 'java/security/PrivilegedActionException'> (0x00000000d7261ed8) thrown at [/HUDSON/workspace/8-2-build-linux-amd64/jdk8/2238/hotspot/src/share/vm/prims/jvm.cpp, line 1248]
Event: 2.409 Thread 0x00007f702029a800 Exception <a 'java/security/PrivilegedActionException'> (0x00000000d7cab778) thrown at [/HUDSON/workspace/8-2-build-linux-amd64/jdk8/2238/hotspot/src/share/vm/prims/jvm.cpp, line 1248]
Event: 2.409 Thread 0x00007f702029a800 Exception <a 'java/security/PrivilegedActionException'> (0x00000000d7cad438) thrown at [/HUDSON/workspace/8-2-build-linux-amd64/jdk8/2238/hotspot/src/share/vm/prims/jvm.cpp, line 1248]
Event: 2.412 Thread 0x00007f702029a800 Exception <a 'java/security/PrivilegedActionException'> (0x00000000d7cb95c0) thrown at [/HUDSON/workspace/8-2-build-linux-amd64/jdk8/2238/hotspot/src/share/vm/prims/jvm.cpp, line 1248]
Event: 2.414 Thread 0x00007f702029a800 Exception <a 'java/security/PrivilegedActionException'> (0x00000000d7cc4588) thrown at [/HUDSON/workspace/8-2-build-linux-amd64/jdk8/2238/hotspot/src/share/vm/prims/jvm.cpp, line 1248]
Event: 3.914 Thread 0x00007f702029a800 Exception <a 'java/security/PrivilegedActionException'> (0x00000000e6651468) thrown at [/HUDSON/workspace/8-2-build-linux-amd64/jdk8/2238/hotspot/src/share/vm/prims/jvm.cpp, line 1248]
Event: 3.917 Thread 0x00007f702029a800 Exception <a 'java/security/PrivilegedActionException'> (0x00000000e665ec18) thrown at [/HUDSON/workspace/8-2-build-linux-amd64/jdk8/2238/hotspot/src/share/vm/prims/jvm.cpp, line 1248]
Event: 3.917 Thread 0x00007f702029a800 Exception <a 'java/security/PrivilegedActionException'> (0x00000000e66618d0) thrown at [/HUDSON/workspace/8-2-build-linux-amd64/jdk8/2238/hotspot/src/share/vm/prims/jvm.cpp, line 1248]
Event: 3.919 Thread 0x00007f702029a800 Exception <a 'java/security/PrivilegedActionException'> (0x00000000d7001878) thrown at [/HUDSON/workspace/8-2-build-linux-amd64/jdk8/2238/hotspot/src/share/vm/prims/jvm.cpp, line 1248]

Events (10 events):
Event: 6.014 Thread 0x00007f702029a800 Uncommon trap: trap_request=0xffffffd6 fr.pc=0x00007f70107bcbcc
Event: 6.014 Thread 0x00007f702029a800 DEOPT PACKING pc=0x00007f70107bcbcc sp=0x00007f6fa298bed0
Event: 6.014 Thread 0x00007f702029a800 DEOPT UNPACKING pc=0x00007f70101b4650 sp=0x00007f6fa298be68 mode 2
Event: 6.014 Thread 0x00007f702029a800 Uncommon trap: trap_request=0xffffffd6 fr.pc=0x00007f70107bcbcc
Event: 6.014 Thread 0x00007f702029a800 DEOPT PACKING pc=0x00007f70107bcbcc sp=0x00007f6fa298bed0
Event: 6.014 Thread 0x00007f702029a800 DEOPT UNPACKING pc=0x00007f70101b4650 sp=0x00007f6fa298be68 mode 2
Event: 6.014 Thread 0x00007f702029a800 Uncommon trap: trap_request=0xffffffd6 fr.pc=0x00007f70107bcbcc
Event: 6.014 Thread 0x00007f702029a800 DEOPT PACKING pc=0x00007f70107bcbcc sp=0x00007f6fa298bf50
Event: 6.014 Thread 0x00007f702029a800 DEOPT UNPACKING pc=0x00007f70101b4650 sp=0x00007f6fa298bee8 mode 2
Event: 6.027 Executing VM operation: ParallelGCFailedAllocation


Dynamic libraries:
00400000-00401000 r-xp 00000000 08:03 1599981                            /usr/lib/jvm/jdk1.8.0/bin/java
00600000-00601000 rw-p 00000000 08:03 1599981                            /usr/lib/jvm/jdk1.8.0/bin/java
009d7000-009f8000 rw-p 00000000 00:00 0                                  [heap]
85000000-85980000 rw-p 00000000 00:00 0 
85980000-d7000000 ---p 00000000 00:00 0 
d7000000-f2b00000 rw-p 00000000 00:00 0 
f4380000-100000000 ---p 00000000 00:00 0 
100000000-100280000 rw-p 00000000 00:00 0 
100280000-140000000 ---p 00000000 00:00 0 
7f6f74000000-7f6f74021000 rw-p 00000000 00:00 0 
7f6f74021000-7f6f78000000 ---p 00000000 00:00 0 
7f6f78000000-7f6f7826f000 rw-p 00000000 00:00 0 
7f6f7826f000-7f6f7c000000 ---p 00000000 00:00 0 
7f6f7c000000-7f6f7c021000 rw-p 00000000 00:00 0 
7f6f7c021000-7f6f80000000 ---p 00000000 00:00 0 
7f6f80000000-7f6f8026f000 rw-p 00000000 00:00 0 
7f6f8026f000-7f6f84000000 ---p 00000000 00:00 0 
7f6f84000000-7f6f84021000 rw-p 00000000 00:00 0 
7f6f84021000-7f6f88000000 ---p 00000000 00:00 0 
7f6f8bfff000-7f6f90000000 rw-s 00000000 00:14 277976                     /run/shm/pulse-shm-4188910837
7f6f90000000-7f6f9049d000 rw-p 00000000 00:00 0 
7f6f9049d000-7f6f94000000 ---p 00000000 00:00 0 
7f6f94000000-7f6f94021000 rw-p 00000000 00:00 0 
7f6f94021000-7f6f98000000 ---p 00000000 00:00 0 
7f6f98d79000-7f6f98dd9000 rw-s 14f0ea000 00:05 11530                     /dev/dri/card0
7f6f98dd9000-7f6f98e99000 rw-p 00000000 00:00 0 
7f6f98e99000-7f6f98fd9000 ---p 00000000 00:00 0 
7f6f98fd9000-7f6f98fdc000 ---p 00000000 00:00 0 
7f6f98fdc000-7f6f990da000 rw-p 00000000 00:00 0                          [stack:12062]
7f6f990da000-7f6f990dd000 ---p 00000000 00:00 0 
7f6f990dd000-7f6f991db000 rw-p 00000000 00:00 0                          [stack:12061]
7f6f991db000-7f6f991de000 ---p 00000000 00:00 0 
7f6f991de000-7f6f994dc000 rw-p 00000000 00:00 0                          [stack:12060]
7f6f994dc000-7f6f994dd000 ---p 00000000 00:00 0 
7f6f994dd000-7f6f995dd000 rw-p 00000000 00:00 0                          [stack:12059]
7f6f995dd000-7f6f995de000 ---p 00000000 00:00 0 
7f6f995de000-7f6f99dde000 rw-p 00000000 00:00 0                          [stack:12058]
7f6f99dde000-7f6f99df4000 r-xp 00000000 08:03 790562                     /lib/x86_64-linux-gnu/libresolv-2.17.so
7f6f99df4000-7f6f99ff4000 ---p 00016000 08:03 790562                     /lib/x86_64-linux-gnu/libresolv-2.17.so
7f6f99ff4000-7f6f99ff5000 r--p 00016000 08:03 790562                     /lib/x86_64-linux-gnu/libresolv-2.17.so
7f6f99ff5000-7f6f99ff6000 rw-p 00017000 08:03 790562                     /lib/x86_64-linux-gnu/libresolv-2.17.so
7f6f99ff6000-7f6f99ff8000 rw-p 00000000 00:00 0 
7f6f99ff8000-7f6f99fff000 r-xp 00000000 08:03 1580581                    /usr/lib/x86_64-linux-gnu/libogg.so.0.8.1
7f6f99fff000-7f6f9a1ff000 ---p 00007000 08:03 1580581                    /usr/lib/x86_64-linux-gnu/libogg.so.0.8.1
7f6f9a1ff000-7f6f9a200000 r--p 00007000 08:03 1580581                    /usr/lib/x86_64-linux-gnu/libogg.so.0.8.1
7f6f9a200000-7f6f9a201000 rw-p 00008000 08:03 1580581                    /usr/lib/x86_64-linux-gnu/libogg.so.0.8.1
7f6f9a201000-7f6f9a22c000 r-xp 00000000 08:03 1580785                    /usr/lib/x86_64-linux-gnu/libvorbis.so.0.4.5
7f6f9a22c000-7f6f9a42c000 ---p 0002b000 08:03 1580785                    /usr/lib/x86_64-linux-gnu/libvorbis.so.0.4.5
7f6f9a42c000-7f6f9a42d000 r--p 0002b000 08:03 1580785                    /usr/lib/x86_64-linux-gnu/libvorbis.so.0.4.5
7f6f9a42d000-7f6f9a42e000 rw-p 0002c000 08:03 1580785                    /usr/lib/x86_64-linux-gnu/libvorbis.so.0.4.5
7f6f9a42e000-7f6f9a6e1000 r-xp 00000000 08:03 1580787                    /usr/lib/x86_64-linux-gnu/libvorbisenc.so.2.0.8
7f6f9a6e1000-7f6f9a8e0000 ---p 002b3000 08:03 1580787                    /usr/lib/x86_64-linux-gnu/libvorbisenc.so.2.0.8
7f6f9a8e0000-7f6f9a8fc000 r--p 002b2000 08:03 1580787                    /usr/lib/x86_64-linux-gnu/libvorbisenc.so.2.0.8
7f6f9a8fc000-7f6f9a8fd000 rw-p 002ce000 08:03 1580787                    /usr/lib/x86_64-linux-gnu/libvorbisenc.so.2.0.8
7f6f9a8fd000-7f6f9a92c000 r-xp 00000000 08:03 1579943                    /usr/lib/x86_64-linux-gnu/libFLAC.so.8.3.0
7f6f9a92c000-7f6f9ab2c000 ---p 0002f000 08:03 1579943                    /usr/lib/x86_64-linux-gnu/libFLAC.so.8.3.0
7f6f9ab2c000-7f6f9ab2d000 r--p 0002f000 08:03 1579943                    /usr/lib/x86_64-linux-gnu/libFLAC.so.8.3.0
7f6f9ab2d000-7f6f9ab2e000 rw-p 00030000 08:03 1579943                    /usr/lib/x86_64-linux-gnu/libFLAC.so.8.3.0
7f6f9ab2e000-7f6f9ab33000 r-xp 00000000 08:03 1580050                    /usr/lib/x86_64-linux-gnu/libasyncns.so.0.3.1
7f6f9ab33000-7f6f9ad32000 ---p 00005000 08:03 1580050                    /usr/lib/x86_64-linux-gnu/libasyncns.so.0.3.1
7f6f9ad32000-7f6f9ad33000 r--p 00004000 08:03 1580050                    /usr/lib/x86_64-linux-gnu/libasyncns.so.0.3.1
7f6f9ad33000-7f6f9ad34000 rw-p 00005000 08:03 1580050                    /usr/lib/x86_64-linux-gnu/libasyncns.so.0.3.1
7f6f9ad34000-7f6f9ad95000 r-xp 00000000 08:03 1580697                    /usr/lib/x86_64-linux-gnu/libsndfile.so.1.0.25
7f6f9ad95000-7f6f9af95000 ---p 00061000 08:03 1580697                    /usr/lib/x86_64-linux-gnu/libsndfile.so.1.0.25
7f6f9af95000-7f6f9af97000 r--p 00061000 08:03 1580697                    /usr/lib/x86_64-linux-gnu/libsndfile.so.1.0.25
7f6f9af97000-7f6f9af98000 rw-p 00063000 08:03 1580697                    /usr/lib/x86_64-linux-gnu/libsndfile.so.1.0.25
7f6f9af98000-7f6f9af9c000 rw-p 00000000 00:00 0 
7f6f9af9c000-7f6f9afa4000 r-xp 00000000 08:03 790596                     /lib/x86_64-linux-gnu/libwrap.so.0.7.6
7f6f9afa4000-7f6f9b1a4000 ---p 00008000 08:03 790596                     /lib/x86_64-linux-gnu/libwrap.so.0.7.6
7f6f9b1a4000-7f6f9b1a5000 r--p 00008000 08:03 790596                     /lib/x86_64-linux-gnu/libwrap.so.0.7.6
7f6f9b1a5000-7f6f9b1a6000 rw-p 00009000 08:03 790596                     /lib/x86_64-linux-gnu/libwrap.so.0.7.6
7f6f9b1a6000-7f6f9b1ea000 r-xp 00000000 08:03 786699                     /lib/x86_64-linux-gnu/libdbus-1.so.3.7.4
7f6f9b1ea000-7f6f9b3e9000 ---p 00044000 08:03 786699                     /lib/x86_64-linux-gnu/libdbus-1.so.3.7.4
7f6f9b3e9000-7f6f9b3ea000 r--p 00043000 08:03 786699                     /lib/x86_64-linux-gnu/libdbus-1.so.3.7.4
7f6f9b3ea000-7f6f9b3eb000 rw-p 00044000 08:03 786699                     /lib/x86_64-linux-gnu/libdbus-1.so.3.7.4
7f6f9b3eb000-7f6f9b451000 r-xp 00000000 08:03 1709090                    /usr/lib/x86_64-linux-gnu/pulseaudio/libpulsecommon-4.0.so
7f6f9b451000-7f6f9b650000 ---p 00066000 08:03 1709090                    /usr/lib/x86_64-linux-gnu/pulseaudio/libpulsecommon-4.0.so
7f6f9b650000-7f6f9b651000 r--p 00065000 08:03 1709090                    /usr/lib/x86_64-linux-gnu/pulseaudio/libpulsecommon-4.0.so
7f6f9b651000-7f6f9b652000 rw-p 00066000 08:03 1709090                    /usr/lib/x86_64-linux-gnu/pulseaudio/libpulsecommon-4.0.so
7f6f9b652000-7f6f9b65b000 r-xp 00000000 08:03 786701                     /lib/x86_64-linux-gnu/libjson-c.so.2.0.1
7f6f9b65b000-7f6f9b85b000 ---p 00009000 08:03 786701                     /lib/x86_64-linux-gnu/libjson-c.so.2.0.1
7f6f9b85b000-7f6f9b85c000 r--p 00009000 08:03 786701                     /lib/x86_64-linux-gnu/libjson-c.so.2.0.1
7f6f9b85c000-7f6f9b85d000 rw-p 0000a000 08:03 786701                     /lib/x86_64-linux-gnu/libjson-c.so.2.0.1
7f6f9b85d000-7f6f9b8a4000 r-xp 00000000 08:03 1580644                    /usr/lib/x86_64-linux-gnu/libpulse.so.0.16.2
7f6f9b8a4000-7f6f9baa4000 ---p 00047000 08:03 1580644                    /usr/lib/x86_64-linux-gnu/libpulse.so.0.16.2
7f6f9baa4000-7f6f9baa5000 r--p 00047000 08:03 1580644                    /usr/lib/x86_64-linux-gnu/libpulse.so.0.16.2
7f6f9baa5000-7f6f9baa6000 rw-p 00048000 08:03 1580644                    /usr/lib/x86_64-linux-gnu/libpulse.so.0.16.2
7f6f9baa6000-7f6f9bafb000 r-xp 00000000 08:03 3028858                    /home/bryant/games/The Sprite Project/libopenal64.so
7f6f9bafb000-7f6f9bcfa000 ---p 00055000 08:03 3028858                    /home/bryant/games/The Sprite Project/libopenal64.so
7f6f9bcfa000-7f6f9bcfd000 r--p 00054000 08:03 3028858                    /home/bryant/games/The Sprite Project/libopenal64.so
7f6f9bcfd000-7f6f9bcfe000 rw-p 00057000 08:03 3028858                    /home/bryant/games/The Sprite Project/libopenal64.so
7f6f9bcfe000-7f6f9bcff000 rw-p 00000000 00:00 0 
7f6f9bcff000-7f6f9bd02000 ---p 00000000 00:00 0 
7f6f9bd02000-7f6f9c000000 rw-p 00000000 00:00 0                          [stack:12056]
7f6f9c000000-7f6f9dd00000 rw-p 00000000 00:00 0 
7f6f9dd00000-7f6fa0000000 ---p 00000000 00:00 0 
7f6fa0001000-7f6fa0033000 r-xp 00000000 08:03 1580758                    /usr/lib/x86_64-linux-gnu/libtxc_dxtn_s2tc.so.0.0.0
7f6fa0033000-7f6fa0232000 ---p 00032000 08:03 1580758                    /usr/lib/x86_64-linux-gnu/libtxc_dxtn_s2tc.so.0.0.0
7f6fa0232000-7f6fa0233000 r--p 00031000 08:03 1580758                    /usr/lib/x86_64-linux-gnu/libtxc_dxtn_s2tc.so.0.0.0
7f6fa0233000-7f6fa0234000 rw-p 00032000 08:03 1580758                    /usr/lib/x86_64-linux-gnu/libtxc_dxtn_s2tc.so.0.0.0
7f6fa0234000-7f6fa024c000 r-xp 00000000 08:03 790599                     /lib/x86_64-linux-gnu/libz.so.1.2.8
7f6fa024c000-7f6fa044b000 ---p 00018000 08:03 790599                     /lib/x86_64-linux-gnu/libz.so.1.2.8
7f6fa044b000-7f6fa044c000 r--p 00017000 08:03 790599                     /lib/x86_64-linux-gnu/libz.so.1.2.8
7f6fa044c000-7f6fa044d000 rw-p 00018000 08:03 790599                     /lib/x86_64-linux-gnu/libz.so.1.2.8
7f6fa044d000-7f6fa0455000 r-xp 00000000 08:03 1580613                    /usr/lib/x86_64-linux-gnu/libpciaccess.so.0.11.1
7f6fa0455000-7f6fa0654000 ---p 00008000 08:03 1580613                    /usr/lib/x86_64-linux-gnu/libpciaccess.so.0.11.1
7f6fa0654000-7f6fa0655000 r--p 00007000 08:03 1580613                    /usr/lib/x86_64-linux-gnu/libpciaccess.so.0.11.1
7f6fa0655000-7f6fa0656000 rw-p 00008000 08:03 1580613                    /usr/lib/x86_64-linux-gnu/libpciaccess.so.0.11.1
7f6fa0656000-7f6fa0675000 r-xp 00000000 08:03 1576834                    /usr/lib/x86_64-linux-gnu/libdrm_intel.so.1.0.0
7f6fa0675000-7f6fa0874000 ---p 0001f000 08:03 1576834                    /usr/lib/x86_64-linux-gnu/libdrm_intel.so.1.0.0
7f6fa0874000-7f6fa0875000 r--p 0001e000 08:03 1576834                    /usr/lib/x86_64-linux-gnu/libdrm_intel.so.1.0.0
7f6fa0875000-7f6fa0876000 rw-p 0001f000 08:03 1576834                    /usr/lib/x86_64-linux-gnu/libdrm_intel.so.1.0.0
7f6fa0876000-7f6fa089d000 r-xp 00000000 08:03 790462                     /lib/x86_64-linux-gnu/libexpat.so.1.6.0
7f6fa089d000-7f6fa0a9d000 ---p 00027000 08:03 790462                     /lib/x86_64-linux-gnu/libexpat.so.1.6.0
7f6fa0a9d000-7f6fa0a9f000 r--p 00027000 08:03 790462                     /lib/x86_64-linux-gnu/libexpat.so.1.6.0
7f6fa0a9f000-7f6fa0aa0000 rw-p 00029000 08:03 790462                     /lib/x86_64-linux-gnu/libexpat.so.1.6.0
7f6fa0aa0000-7f6fa0e5e000 r-xp 00000000 08:03 1574519                    /usr/lib/x86_64-linux-gnu/libdricore9.2.1.so.1.0.0
7f6fa0e5e000-7f6fa105d000 ---p 003be000 08:03 1574519                    /usr/lib/x86_64-linux-gnu/libdricore9.2.1.so.1.0.0
7f6fa105d000-7f6fa106d000 r--p 003bd000 08:03 1574519                    /usr/lib/x86_64-linux-gnu/libdricore9.2.1.so.1.0.0
7f6fa106d000-7f6fa1075000 rw-p 003cd000 08:03 1574519                    /usr/lib/x86_64-linux-gnu/libdricore9.2.1.so.1.0.0
7f6fa1075000-7f6fa108d000 rw-p 00000000 00:00 0 
7f6fa108d000-7f6fa1162000 r-xp 00000000 08:03 1709393                    /usr/lib/x86_64-linux-gnu/dri/i965_dri.so
7f6fa1162000-7f6fa1362000 ---p 000d5000 08:03 1709393                    /usr/lib/x86_64-linux-gnu/dri/i965_dri.so
7f6fa1362000-7f6fa1365000 r--p 000d5000 08:03 1709393                    /usr/lib/x86_64-linux-gnu/dri/i965_dri.so
7f6fa1365000-7f6fa1367000 rw-p 000d8000 08:03 1709393                    /usr/lib/x86_64-linux-gnu/dri/i965_dri.so
7f6fa1367000-7f6fa1368000 rw-p 00000000 00:00 0 
7f6fa1368000-7f6fa1373000 r-xp 00000000 08:03 1576021                    /usr/lib/x86_64-linux-gnu/libdrm.so.2.4.0
7f6fa1373000-7f6fa1572000 ---p 0000b000 08:03 1576021                    /usr/lib/x86_64-linux-gnu/libdrm.so.2.4.0
7f6fa1572000-7f6fa1573000 r--p 0000a000 08:03 1576021                    /usr/lib/x86_64-linux-gnu/libdrm.so.2.4.0
7f6fa1573000-7f6fa1574000 rw-p 0000b000 08:03 1576021                    /usr/lib/x86_64-linux-gnu/libdrm.so.2.4.0
7f6fa1574000-7f6fa1577000 r-xp 00000000 08:03 1580817                    /usr/lib/x86_64-linux-gnu/libxcb-dri2.so.0.0.0
7f6fa1577000-7f6fa1777000 ---p 00003000 08:03 1580817                    /usr/lib/x86_64-linux-gnu/libxcb-dri2.so.0.0.0
7f6fa1777000-7f6fa1778000 r--p 00003000 08:03 1580817                    /usr/lib/x86_64-linux-gnu/libxcb-dri2.so.0.0.0
7f6fa1778000-7f6fa1779000 rw-p 00004000 08:03 1580817                    /usr/lib/x86_64-linux-gnu/libxcb-dri2.so.0.0.0
7f6fa1779000-7f6fa178e000 r-xp 00000000 08:03 1580819                    /usr/lib/x86_64-linux-gnu/libxcb-glx.so.0.0.0
7f6fa178e000-7f6fa198d000 ---p 00015000 08:03 1580819                    /usr/lib/x86_64-linux-gnu/libxcb-glx.so.0.0.0
7f6fa198d000-7f6fa198f000 r--p 00014000 08:03 1580819                    /usr/lib/x86_64-linux-gnu/libxcb-glx.so.0.0.0
7f6fa198f000-7f6fa1990000 rw-p 00016000 08:03 1580819                    /usr/lib/x86_64-linux-gnu/libxcb-glx.so.0.0.0
7f6fa1990000-7f6fa1991000 r-xp 00000000 08:03 1579970                    /usr/lib/x86_64-linux-gnu/libX11-xcb.so.1.0.0
7f6fa1991000-7f6fa1b90000 ---p 00001000 08:03 1579970                    /usr/lib/x86_64-linux-gnu/libX11-xcb.so.1.0.0
7f6fa1b90000-7f6fa1b91000 r--p 00000000 08:03 1579970                    /usr/lib/x86_64-linux-gnu/libX11-xcb.so.1.0.0
7f6fa1b91000-7f6fa1b92000 rw-p 00001000 08:03 1579970                    /usr/lib/x86_64-linux-gnu/libX11-xcb.so.1.0.0
7f6fa1b92000-7f6fa1b94000 r-xp 00000000 08:03 1579985                    /usr/lib/x86_64-linux-gnu/libXdamage.so.1.1.0
7f6fa1b94000-7f6fa1d93000 ---p 00002000 08:03 1579985                    /usr/lib/x86_64-linux-gnu/libXdamage.so.1.1.0
7f6fa1d93000-7f6fa1d94000 r--p 00001000 08:03 1579985                    /usr/lib/x86_64-linux-gnu/libXdamage.so.1.1.0
7f6fa1d94000-7f6fa1d95000 rw-p 00002000 08:03 1579985                    /usr/lib/x86_64-linux-gnu/libXdamage.so.1.1.0
7f6fa1d95000-7f6fa1db6000 r-xp 00000000 08:03 1580288                    /usr/lib/x86_64-linux-gnu/libglapi.so.0.0.0
7f6fa1db6000-7f6fa1fb6000 ---p 00021000 08:03 1580288                    /usr/lib/x86_64-linux-gnu/libglapi.so.0.0.0
7f6fa1fb6000-7f6fa1fb9000 r--p 00021000 08:03 1580288                    /usr/lib/x86_64-linux-gnu/libglapi.so.0.0.0
7f6fa1fb9000-7f6fa1fba000 rw-p 00024000 08:03 1580288                    /usr/lib/x86_64-linux-gnu/libglapi.so.0.0.0
7f6fa1fba000-7f6fa1fbb000 rw-p 00000000 00:00 0 
7f6fa1fbb000-7f6fa2015000 r-xp 00000000 08:03 1708099                    /usr/lib/x86_64-linux-gnu/mesa/libGL.so.1.2.0
7f6fa2015000-7f6fa2215000 ---p 0005a000 08:03 1708099                    /usr/lib/x86_64-linux-gnu/mesa/libGL.so.1.2.0
7f6fa2215000-7f6fa2217000 r--p 0005a000 08:03 1708099                    /usr/lib/x86_64-linux-gnu/mesa/libGL.so.1.2.0
7f6fa2217000-7f6fa2218000 rw-p 0005c000 08:03 1708099                    /usr/lib/x86_64-linux-gnu/mesa/libGL.so.1.2.0
7f6fa2218000-7f6fa2219000 rw-p 00000000 00:00 0 
7f6fa2219000-7f6fa221d000 r-xp 00000000 08:03 1580023                    /usr/lib/x86_64-linux-gnu/libXxf86vm.so.1.0.0
7f6fa221d000-7f6fa241d000 ---p 00004000 08:03 1580023                    /usr/lib/x86_64-linux-gnu/libXxf86vm.so.1.0.0
7f6fa241d000-7f6fa241e000 r--p 00004000 08:03 1580023                    /usr/lib/x86_64-linux-gnu/libXxf86vm.so.1.0.0
7f6fa241e000-7f6fa241f000 rw-p 00005000 08:03 1580023                    /usr/lib/x86_64-linux-gnu/libXxf86vm.so.1.0.0
7f6fa241f000-7f6fa2489000 r-xp 00000000 08:03 3028857                    /home/bryant/games/The Sprite Project/liblwjgl64.so
7f6fa2489000-7f6fa2689000 ---p 0006a000 08:03 3028857                    /home/bryant/games/The Sprite Project/liblwjgl64.so
7f6fa2689000-7f6fa268b000 r--p 0006a000 08:03 3028857                    /home/bryant/games/The Sprite Project/liblwjgl64.so
7f6fa268b000-7f6fa268c000 rw-p 0006c000 08:03 3028857                    /home/bryant/games/The Sprite Project/liblwjgl64.so
7f6fa268c000-7f6fa268d000 r-xp 00000000 08:03 1600138                    /usr/lib/jvm/jdk1.8.0/jre/lib/amd64/libjawt.so
7f6fa268d000-7f6fa288c000 ---p 00001000 08:03 1600138                    /usr/lib/jvm/jdk1.8.0/jre/lib/amd64/libjawt.so
7f6fa288c000-7f6fa288d000 rw-p 00000000 08:03 1600138                    /usr/lib/jvm/jdk1.8.0/jre/lib/amd64/libjawt.so
7f6fa288d000-7f6fa2890000 ---p 00000000 00:00 0 
7f6fa2890000-7f6fa298e000 rw-p 00000000 00:00 0                          [stack:12052]
7f6fa298e000-7f6fa2a74000 r-xp 00000000 08:03 1587330                    /usr/lib/x86_64-linux-gnu/libstdc++.so.6.0.18
7f6fa2a74000-7f6fa2c73000 ---p 000e6000 08:03 1587330                    /usr/lib/x86_64-linux-gnu/libstdc++.so.6.0.18
7f6fa2c73000-7f6fa2c7b000 r--p 000e5000 08:03 1587330                    /usr/lib/x86_64-linux-gnu/libstdc++.so.6.0.18
7f6fa2c7b000-7f6fa2c7d000 rw-p 000ed000 08:03 1587330                    /usr/lib/x86_64-linux-gnu/libstdc++.so.6.0.18
7f6fa2c7d000-7f6fa2c92000 rw-p 00000000 00:00 0 
7f6fa2c92000-7f6fa2df2000 r-xp 00000000 08:03 3030249                    /home/bryant/games/The Sprite Project/libbulletjme64.so
7f6fa2df2000-7f6fa2dfa000 r--p 0015f000 08:03 3030249                    /home/bryant/games/The Sprite Project/libbulletjme64.so
7f6fa2dfa000-7f6fa2dfe000 rw-p 00167000 08:03 3030249                    /home/bryant/games/The Sprite Project/libbulletjme64.so
7f6fa2dfe000-7f6fa3f00000 rw-p 00000000 00:00 0 
7f6fa3f00000-7f6fa4000000 rw-s 00000000 00:04 4259876                    /SYSV00000000 (deleted)
7f6fa4000000-7f6fa4021000 rw-p 00000000 00:00 0 
7f6fa4021000-7f6fa8000000 ---p 00000000 00:00 0 
7f6fa8000000-7f6fa8045000 rw-p 00000000 00:00 0 
7f6fa8045000-7f6fac000000 ---p 00000000 00:00 0 
7f6fac000000-7f6fac021000 rw-p 00000000 00:00 0 
7f6fac021000-7f6fb0000000 ---p 00000000 00:00 0 
7f6fb0000000-7f6fb02f6000 rw-p 00000000 00:00 0 
7f6fb02f6000-7f6fb4000000 ---p 00000000 00:00 0 
7f6fb4000000-7f6fb4021000 rw-p 00000000 00:00 0 
7f6fb4021000-7f6fb8000000 ---p 00000000 00:00 0 
7f6fb8000000-7f6fb8025000 rw-p 00000000 00:00 0 
7f6fb8025000-7f6fbc000000 ---p 00000000 00:00 0 
7f6fbc000000-7f6fbc021000 rw-p 00000000 00:00 0 
7f6fbc021000-7f6fc0000000 ---p 00000000 00:00 0 
7f6fc0000000-7f6fc0021000 rw-p 00000000 00:00 0 
7f6fc0021000-7f6fc4000000 ---p 00000000 00:00 0 
7f6fc4000000-7f6fc4710000 rw-p 00000000 00:00 0 
7f6fc4710000-7f6fc8000000 ---p 00000000 00:00 0 
7f6fc8000000-7f6fc8519000 rw-p 00000000 00:00 0 
7f6fc8519000-7f6fcc000000 ---p 00000000 00:00 0 
7f6fcc000000-7f6fcc59a000 rw-p 00000000 00:00 0 
7f6fcc59a000-7f6fd0000000 ---p 00000000 00:00 0 
7f6fd0000000-7f6fd04c9000 rw-p 00000000 00:00 0 
7f6fd04c9000-7f6fd4000000 ---p 00000000 00:00 0 
7f6fd4000000-7f6fd4021000 rw-p 00000000 00:00 0 
7f6fd4021000-7f6fd8000000 ---p 00000000 00:00 0 
7f6fd8000000-7f6fd8021000 rw-p 00000000 00:00 0 
7f6fd8021000-7f6fdc000000 ---p 00000000 00:00 0 
7f6fdc023000-7f6fdc08c000 r-xp 00000000 08:03 1600170                    /usr/lib/jvm/jdk1.8.0/jre/lib/amd64/libt2k.so
7f6fdc08c000-7f6fdc28b000 ---p 00069000 08:03 1600170                    /usr/lib/jvm/jdk1.8.0/jre/lib/amd64/libt2k.so
7f6fdc28b000-7f6fdc292000 rw-p 00068000 08:03 1600170                    /usr/lib/jvm/jdk1.8.0/jre/lib/amd64/libt2k.so
7f6fdc292000-7f6fdc2a2000 rw-p 00000000 00:00 0 
7f6fdc2a2000-7f6fdc2b2000 r-xp 00000000 08:03 1600160                    /usr/lib/jvm/jdk1.8.0/jre/lib/amd64/libnio.so
7f6fdc2b2000-7f6fdc4b2000 ---p 00010000 08:03 1600160                    /usr/lib/jvm/jdk1.8.0/jre/lib/amd64/libnio.so
7f6fdc4b2000-7f6fdc4b3000 rw-p 00010000 08:03 1600160                    /usr/lib/jvm/jdk1.8.0/jre/lib/amd64/libnio.so
7f6fdc4b3000-7f6fdc4c9000 r-xp 00000000 08:03 1600154                    /usr/lib/jvm/jdk1.8.0/jre/lib/amd64/libnet.so
7f6fdc4c9000-7f6fdc6c8000 ---p 00016000 08:03 1600154                    /usr/lib/jvm/jdk1.8.0/jre/lib/amd64/libnet.so
7f6fdc6c8000-7f6fdc6c9000 rw-p 00015000 08:03 1600154                    /usr/lib/jvm/jdk1.8.0/jre/lib/amd64/libnet.so
7f6fdc6c9000-7f6fdc8c9000 rw-p 00000000 00:00 0 
7f6fdc8c9000-7f6fdcac9000 rw-p 00000000 00:00 0 
7f6fdcac9000-7f6fdcacc000 ---p 00000000 00:00 0 
7f6fdcacc000-7f6fdcbca000 rw-p 00000000 00:00 0 
7f6fdcbca000-7f6fdcbd3000 r-xp 00000000 08:03 1580009                    /usr/lib/x86_64-linux-gnu/libXrandr.so.2.2.0
7f6fdcbd3000-7f6fdcdd2000 ---p 00009000 08:03 1580009                    /usr/lib/x86_64-linux-gnu/libXrandr.so.2.2.0
7f6fdcdd2000-7f6fdcdd3000 r--p 00008000 08:03 1580009                    /usr/lib/x86_64-linux-gnu/libXrandr.so.2.2.0
7f6fdcdd3000-7f6fdcdd4000 rw-p 00009000 08:03 1580009                    /usr/lib/x86_64-linux-gnu/libXrandr.so.2.2.0
7f6fdcdd4000-7f6fdcdd7000 ---p 00000000 00:00 0 
7f6fdcdd7000-7f6fdced5000 rw-p 00000000 00:00 0                          [stack:12050]
7f6fdced5000-7f6fdced8000 ---p 00000000 00:00 0 
7f6fdced8000-7f6fdcfd6000 rw-p 00000000 00:00 0 
7f6fdcfd6000-7f6fdcfd9000 ---p 00000000 00:00 0 
7f6fdcfd9000-7f6fdd0d7000 rw-p 00000000 00:00 0 
7f6fdd0d7000-7f6fdd0da000 ---p 00000000 00:00 0 
7f6fdd0da000-7f6fdd1d8000 rw-p 00000000 00:00 0                          [stack:12047]
7f6fdd1d8000-7f6fdd1dd000 r-xp 00000000 08:03 1579991                    /usr/lib/x86_64-linux-gnu/libXfixes.so.3.1.0
7f6fdd1dd000-7f6fdd3dc000 ---p 00005000 08:03 1579991                    /usr/lib/x86_64-linux-gnu/libXfixes.so.3.1.0
7f6fdd3dc000-7f6fdd3dd000 r--p 00004000 08:03 1579991                    /usr/lib/x86_64-linux-gnu/libXfixes.so.3.1.0
7f6fdd3dd000-7f6fdd3de000 rw-p 00005000 08:03 1579991                    /usr/lib/x86_64-linux-gnu/libXfixes.so.3.1.0
7f6fdd3de000-7f6fdd3e7000 r-xp 00000000 08:03 1579983                    /usr/lib/x86_64-linux-gnu/libXcursor.so.1.0.2
7f6fdd3e7000-7f6fdd5e6000 ---p 00009000 08:03 1579983                    /usr/lib/x86_64-linux-gnu/libXcursor.so.1.0.2
7f6fdd5e6000-7f6fdd5e7000 r--p 00008000 08:03 1579983                    /usr/lib/x86_64-linux-gnu/libXcursor.so.1.0.2
7f6fdd5e7000-7f6fdd5e8000 rw-p 00009000 08:03 1579983                    /usr/lib/x86_64-linux-gnu/libXcursor.so.1.0.2
7f6fdd5e8000-7f6fdd5eb000 ---p 00000000 00:00 0 
7f6fdd5eb000-7f6fdd6e9000 rw-p 00000000 00:00 0                          [stack:12046]
7f6fdd6e9000-7f6fdd6fe000 r-xp 00000000 08:03 786534                     /lib/x86_64-linux-gnu/libgcc_s.so.1
7f6fdd6fe000-7f6fdd8fd000 ---p 00015000 08:03 786534                     /lib/x86_64-linux-gnu/libgcc_s.so.1
7f6fdd8fd000-7f6fdd8fe000 r--p 00014000 08:03 786534                     /lib/x86_64-linux-gnu/libgcc_s.so.1
7f6fdd8fe000-7f6fdd8ff000 rw-p 00015000 08:03 786534                     /lib/x86_64-linux-gnu/libgcc_s.so.1
7f6fdd8ff000-7f6fdd964000 r-xp 00000000 08:03 1600187                    /usr/lib/jvm/jdk1.8.0/jre/lib/amd64/libfontmanager.so
7f6fdd964000-7f6fddb63000 ---p 00065000 08:03 1600187                    /usr/lib/jvm/jdk1.8.0/jre/lib/amd64/libfontmanager.so
7f6fddb63000-7f6fddb67000 rw-p 00064000 08:03 1600187                    /usr/lib/jvm/jdk1.8.0/jre/lib/amd64/libfontmanager.so
7f6fddb67000-7f6fddb78000 rw-p 00000000 00:00 0 
7f6fddb78000-7f6fddb7d000 r-xp 00000000 08:03 1579987                    /usr/lib/x86_64-linux-gnu/libXdmcp.so.6.0.0
7f6fddb7d000-7f6fddd7c000 ---p 00005000 08:03 1579987                    /usr/lib/x86_64-linux-gnu/libXdmcp.so.6.0.0
7f6fddd7c000-7f6fddd7d000 r--p 00004000 08:03 1579987                    /usr/lib/x86_64-linux-gnu/libXdmcp.so.6.0.0
7f6fddd7d000-7f6fddd7e000 rw-p 00005000 08:03 1579987                    /usr/lib/x86_64-linux-gnu/libXdmcp.so.6.0.0
7f6fddd7e000-7f6fddd80000 r-xp 00000000 08:03 1579976                    /usr/lib/x86_64-linux-gnu/libXau.so.6.0.0
7f6fddd80000-7f6fddf80000 ---p 00002000 08:03 1579976                    /usr/lib/x86_64-linux-gnu/libXau.so.6.0.0
7f6fddf80000-7f6fddf81000 r--p 00002000 08:03 1579976                    /usr/lib/x86_64-linux-gnu/libXau.so.6.0.0
7f6fddf81000-7f6fddf82000 rw-p 00003000 08:03 1579976                    /usr/lib/x86_64-linux-gnu/libXau.so.6.0.0
7f6fddf82000-7f6fddf9f000 r-xp 00000000 08:03 1580831                    /usr/lib/x86_64-linux-gnu/libxcb.so.1.1.0
7f6fddf9f000-7f6fde19e000 ---p 0001d000 08:03 1580831                    /usr/lib/x86_64-linux-gnu/libxcb.so.1.1.0
7f6fde19e000-7f6fde19f000 r--p 0001c000 08:03 1580831                    /usr/lib/x86_64-linux-gnu/libxcb.so.1.1.0
7f6fde19f000-7f6fde1a0000 rw-p 0001d000 08:03 1580831                    /usr/lib/x86_64-linux-gnu/libxcb.so.1.1.0
7f6fde1a0000-7f6fde1af000 r-xp 00000000 08:03 1579997                    /usr/lib/x86_64-linux-gnu/libXi.so.6.1.0
7f6fde1af000-7f6fde3ae000 ---p 0000f000 08:03 1579997                    /usr/lib/x86_64-linux-gnu/libXi.so.6.1.0
7f6fde3ae000-7f6fde3af000 r--p 0000e000 08:03 1579997                    /usr/lib/x86_64-linux-gnu/libXi.so.6.1.0
7f6fde3af000-7f6fde3b0000 rw-p 0000f000 08:03 1579997                    /usr/lib/x86_64-linux-gnu/libXi.so.6.1.0
7f6fde3b0000-7f6fde3b5000 r-xp 00000000 08:03 1580017                    /usr/lib/x86_64-linux-gnu/libXtst.so.6.1.0
7f6fde3b5000-7f6fde5b4000 ---p 00005000 08:03 1580017                    /usr/lib/x86_64-linux-gnu/libXtst.so.6.1.0
7f6fde5b4000-7f6fde5b5000 r--p 00004000 08:03 1580017                    /usr/lib/x86_64-linux-gnu/libXtst.so.6.1.0
7f6fde5b5000-7f6fde5b6000 rw-p 00005000 08:03 1580017                    /usr/lib/x86_64-linux-gnu/libXtst.so.6.1.0
7f6fde5b6000-7f6fde5bf000 r-xp 00000000 08:03 1580011                    /usr/lib/x86_64-linux-gnu/libXrender.so.1.3.0
7f6fde5bf000-7f6fde7be000 ---p 00009000 08:03 1580011                    /usr/lib/x86_64-linux-gnu/libXrender.so.1.3.0
7f6fde7be000-7f6fde7bf000 r--p 00008000 08:03 1580011                    /usr/lib/x86_64-linux-gnu/libXrender.so.1.3.0
7f6fde7bf000-7f6fde7c0000 rw-p 00009000 08:03 1580011                    /usr/lib/x86_64-linux-gnu/libXrender.so.1.3.0
7f6fde7c0000-7f6fde8f0000 r-xp 00000000 08:03 1579972                    /usr/lib/x86_64-linux-gnu/libX11.so.6.3.0
7f6fde8f0000-7f6fdeaf0000 ---p 00130000 08:03 1579972                    /usr/lib/x86_64-linux-gnu/libX11.so.6.3.0
7f6fdeaf0000-7f6fdeaf1000 r--p 00130000 08:03 1579972                    /usr/lib/x86_64-linux-gnu/libX11.so.6.3.0
7f6fdeaf1000-7f6fdeaf5000 rw-p 00131000 08:03 1579972                    /usr/lib/x86_64-linux-gnu/libX11.so.6.3.0
7f6fdeaf5000-7f6fdeb06000 r-xp 00000000 08:03 1579989                    /usr/lib/x86_64-linux-gnu/libXext.so.6.4.0
7f6fdeb06000-7f6fded05000 ---p 00011000 08:03 1579989                    /usr/lib/x86_64-linux-gnu/libXext.so.6.4.0
7f6fded05000-7f6fded06000 r--p 00010000 08:03 1579989                    /usr/lib/x86_64-linux-gnu/libXext.so.6.4.0
7f6fded06000-7f6fded07000 rw-p 00011000 08:03 1579989                    /usr/lib/x86_64-linux-gnu/libXext.so.6.4.0
7f6fded07000-7f6fded58000 r-xp 00000000 08:03 1600179                    /usr/lib/jvm/jdk1.8.0/jre/lib/amd64/libawt_xawt.so
7f6fded58000-7f6fdef57000 ---p 00051000 08:03 1600179                    /usr/lib/jvm/jdk1.8.0/jre/lib/amd64/libawt_xawt.so
7f6fdef57000-7f6fdef5b000 rw-p 00050000 08:03 1600179                    /usr/lib/jvm/jdk1.8.0/jre/lib/amd64/libawt_xawt.so
7f6fdef5b000-7f6fdef5c000 rw-p 00000000 00:00 0 
7f6fdef5c000-7f6fdefff000 r-xp 00000000 08:03 1600162                    /usr/lib/jvm/jdk1.8.0/jre/lib/amd64/libawt.so
7f6fdefff000-7f6fdf1fe000 ---p 000a3000 08:03 1600162                    /usr/lib/jvm/jdk1.8.0/jre/lib/amd64/libawt.so
7f6fdf1fe000-7f6fdf20a000 rw-p 000a2000 08:03 1600162                    /usr/lib/jvm/jdk1.8.0/jre/lib/amd64/libawt.so
7f6fdf20a000-7f6fdf22e000 rw-p 00000000 00:00 0 
7f6fdf22e000-7f6fdf22f000 ---p 00000000 00:00 0 
7f6fdf22f000-7f6fdf32f000 rw-p 00000000 00:00 0                          [stack:12045]
7f6fdf32f000-7f6fdf332000 ---p 00000000 00:00 0 
7f6fdf332000-7f6fdf430000 rw-p 00000000 00:00 0                          [stack:12044]
7f6fdf430000-7f6fdf433000 ---p 00000000 00:00 0 
7f6fdf433000-7f6fdf531000 rw-p 00000000 00:00 0                          [stack:12043]
7f6fdf531000-7f6fdf534000 ---p 00000000 00:00 0 
7f6fdf534000-7f6fdf632000 rw-p 00000000 00:00 0                          [stack:12042]
7f6fdf632000-7f6fe0000000 r--p 00000000 08:03 1577912                    /usr/lib/locale/locale-archive
7f6fe0000000-7f6fe02e4000 rw-p 00000000 00:00 0 
7f6fe02e4000-7f6fe4000000 ---p 00000000 00:00 0 
7f6fe4000000-7f6fe4021000 rw-p 00000000 00:00 0 
7f6fe4021000-7f6fe8000000 ---p 00000000 00:00 0 
7f6fe8000000-7f6fe8021000 rw-p 00000000 00:00 0 
7f6fe8021000-7f6fec000000 ---p 00000000 00:00 0 
7f6fec000000-7f6fec021000 rw-p 00000000 00:00 0 
7f6fec021000-7f6ff0000000 ---p 00000000 00:00 0 
7f6ff0055000-7f6ff0056000 rw-p 00000000 00:00 0 
7f6ff0056000-7f6ff007e000 rw-s 14f0c2000 00:05 11530                     /dev/dri/card0
7f6ff007e000-7f6ff0081000 ---p 00000000 00:00 0 
7f6ff0081000-7f6ff017f000 rw-p 00000000 00:00 0                          [stack:12041]
7f6ff017f000-7f6ff0182000 ---p 00000000 00:00 0 
7f6ff0182000-7f6ff4000000 rw-p 00000000 00:00 0                          [stack:12040]
7f6ff4000000-7f6ff4021000 rw-p 00000000 00:00 0 
7f6ff4021000-7f6ff8000000 ---p 00000000 00:00 0 
7f6ff8000000-7f6ff8021000 rw-p 00000000 00:00 0 
7f6ff8021000-7f6ffc000000 ---p 00000000 00:00 0 
7f6ffc000000-7f6ffc021000 rw-p 00000000 00:00 0 
7f6ffc021000-7f7000000000 ---p 00000000 00:00 0 
7f7000000000-7f7000021000 rw-p 00000000 00:00 0 
7f7000021000-7f7004000000 ---p 00000000 00:00 0 
7f7004000000-7f7004021000 rw-p 00000000 00:00 0 
7f7004021000-7f7008000000 ---p 00000000 00:00 0 
7f7008000000-7f7008021000 rw-p 00000000 00:00 0 
7f7008021000-7f700c000000 ---p 00000000 00:00 0 
7f700c000000-7f700c008000 rw-s 00000000 00:04 274148                     /drm mm object (deleted)
7f700c008000-7f700c00f000 r--s 00000000 08:03 1708641                    /usr/lib/x86_64-linux-gnu/gconv/gconv-modules.cache
7f700c00f000-7f700c017000 rw-s 00000000 00:04 275428                     /drm mm object (deleted)
7f700c017000-7f700c01f000 rw-s 00000000 00:04 276594                     /drm mm object (deleted)
7f700c01f000-7f700c020000 rwxp 00000000 00:00 0 
7f700c020000-7f700c021000 rw-s 00000000 00:04 275425                     /drm mm object (deleted)
7f700c021000-7f700c026000 r--s 00092000 08:03 1600306                    /usr/lib/jvm/jdk1.8.0/jre/lib/jsse.jar
7f700c026000-7f700c027000 rw-s 00000000 00:04 275427                     /drm mm object (deleted)
7f700c027000-7f700c028000 rw-s 00000000 00:04 275420                     /drm mm object (deleted)
7f700c028000-7f700c030000 rw-s 00000000 00:04 276596                     /drm mm object (deleted)
7f700c030000-7f700c033000 ---p 00000000 00:00 0 
7f700c033000-7f700c069000 rw-p 00000000 00:00 0                          [stack:12054]
7f700c069000-7f700c06f000 r--s 002f7000 08:03 1600254                    /usr/lib/jvm/jdk1.8.0/jre/lib/charsets.jar
7f700c06f000-7f700c081000 r--s 00345000 08:03 1600261                    /usr/lib/jvm/jdk1.8.0/jre/lib/resources.jar
7f700c081000-7f700c09d000 r--s 00393000 08:03 1600214                    /usr/lib/jvm/jdk1.8.0/jre/lib/ext/cldrdata.jar
7f700c09d000-7f700c0a8000 r--s 0021a000 08:03 1600209                    /usr/lib/jvm/jdk1.8.0/jre/lib/ext/localedata.jar
7f700c0a8000-7f700c0ad000 r--s 0002a000 08:03 1183464                    /home/bryant/.m2/repository/com/google/code/gson/gson/2.2.4/gson-2.2.4.jar
7f700c0ad000-7f700c0af000 r--s 0000a000 08:03 1182064                    /home/bryant/.m2/repository/org/json/json/20090211/json-20090211.jar
7f700c0af000-7f700c0b4000 r--s 00041000 08:03 3026311                    /home/bryant/java/lib/jbox2d/jbox2d-library/target/jbox2d-library-2.2.1.1.jar
7f700c0b4000-7f700c0b7000 r--s 0001a000 08:03 2891213                    /home/bryant/jmonkeyplatform/jmonkeyplatform/libs/xmlpull-xpp3.jar
7f700c0b7000-7f700c0b9000 r--s 0003c000 08:03 2891244                    /home/bryant/jmonkeyplatform/jmonkeyplatform/libs/vecmath.jar
7f700c0b9000-7f700c0ba000 r--s 0000b000 08:03 2891224                    /home/bryant/jmonkeyplatform/jmonkeyplatform/libs/stack-alloc.jar
7f700c0ba000-7f700c0c6000 r--s 00076000 08:03 2891248                    /home/bryant/jmonkeyplatform/jmonkeyplatform/libs/nifty.jar
7f700c0c6000-7f700c0c8000 r--s 00010000 08:03 2891154                    /home/bryant/jmonkeyplatform/jmonkeyplatform/libs/nifty-style-black.jar
7f700c0c8000-7f700c0d0000 r--s 00039000 08:03 2891063                    /home/bryant/jmonkeyplatform/jmonkeyplatform/libs/nifty-default-controls.jar
7f700c0d0000-7f700c0de000 r--s 000e2000 08:03 2891246                    /home/bryant/jmonkeyplatform/jmonkeyplatform/libs/lwjgl.jar
7f700c0de000-7f700c0e2000 r--s 00030000 08:03 2891245                    /home/bryant/jmonkeyplatform/jmonkeyplatform/libs/jinput.jar
7f700c0e2000-7f700c0ec000 r--s 00079000 08:03 2891241                    /home/bryant/jmonkeyplatform/jmonkeyplatform/libs/jbullet.jar
7f700c0ec000-7f700c0f0000 r--s 00023000 08:03 2891214                    /home/bryant/jmonkeyplatform/jmonkeyplatform/libs/jME3-terrain.jar
7f700c0f0000-7f700c0f1000 r--s 00010000 08:03 2891212                    /home/bryant/jmonkeyplatform/jmonkeyplatform/libs/jME3-plugins.jar
7f700c0f1000-7f700c0f2000 r--s 00076000 08:03 2890860                    /home/bryant/jmonkeyplatform/jmonkeyplatform/libs/jME3-openal-soft-natives-android.jar
7f700c0f2000-7f700c0f3000 r--s 00008000 08:03 2891200                    /home/bryant/jmonkeyplatform/jmonkeyplatform/libs/jME3-niftygui.jar
7f700c0f3000-7f700c0f6000 ---p 00000000 00:00 0 
7f700c0f6000-7f700c1f4000 rw-p 00000000 00:00 0                          [stack:12039]
7f700c1f4000-7f700c1f7000 ---p 00000000 00:00 0 
7f700c1f7000-7f700c2f5000 rw-p 00000000 00:00 0                          [stack:12038]
7f700c2f5000-7f700c2f8000 ---p 00000000 00:00 0 
7f700c2f8000-7f700c3f6000 rw-p 00000000 00:00 0                          [stack:12037]
7f700c3f6000-7f700c3f7000 ---p 00000000 00:00 0 
7f700c3f7000-7f700e11a000 rw-p 00000000 00:00 0                          [stack:12036]
7f700e11a000-7f700e2ee000 r--s 03c3f000 08:03 1600234                    /usr/lib/jvm/jdk1.8.0/jre/lib/rt.jar
7f700e2ee000-7f700ef3c000 rw-p 00000000 00:00 0 
7f700ef3c000-7f700ef3d000 ---p 00000000 00:00 0 
7f700ef3d000-7f700f03d000 rw-p 00000000 00:00 0                          [stack:12035]
7f700f03d000-7f700f03e000 ---p 00000000 00:00 0 
7f700f03e000-7f700f13e000 rw-p 00000000 00:00 0                          [stack:12034]
7f700f13e000-7f700f13f000 ---p 00000000 00:00 0 
7f700f13f000-7f700f23f000 rw-p 00000000 00:00 0                          [stack:12033]
7f700f23f000-7f700f240000 ---p 00000000 00:00 0 
7f700f240000-7f700f340000 rw-p 00000000 00:00 0                          [stack:12032]
7f700f340000-7f700f341000 ---p 00000000 00:00 0 
7f700f341000-7f700f441000 rw-p 00000000 00:00 0                          [stack:12031]
7f700f441000-7f700f442000 ---p 00000000 00:00 0 
7f700f442000-7f700f542000 rw-p 00000000 00:00 0                          [stack:12030]
7f700f542000-7f700f543000 ---p 00000000 00:00 0 
7f700f543000-7f700f643000 rw-p 00000000 00:00 0                          [stack:12029]
7f700f643000-7f700f644000 ---p 00000000 00:00 0 
7f700f644000-7f700f749000 rw-p 00000000 00:00 0                          [stack:12028]
7f700f749000-7f700f9d4000 ---p 00000000 00:00 0 
7f700f9d4000-7f700f9d9000 rw-p 00000000 00:00 0 
7f700f9d9000-7f700fc64000 ---p 00000000 00:00 0 
7f700fc64000-7f700fd42000 rw-p 00000000 00:00 0 
7f700fd42000-7f700fdac000 ---p 00000000 00:00 0 
7f700fdac000-7f700fdc7000 rw-p 00000000 00:00 0 
7f700fdc7000-7f701016d000 ---p 00000000 00:00 0 
7f701016d000-7f70107cd000 rwxp 00000000 00:00 0 
7f70107cd000-7f701f16d000 ---p 00000000 00:00 0 
7f701f16d000-7f701f189000 r-xp 00000000 08:03 1600139                    /usr/lib/jvm/jdk1.8.0/jre/lib/amd64/libzip.so
7f701f189000-7f701f388000 ---p 0001c000 08:03 1600139                    /usr/lib/jvm/jdk1.8.0/jre/lib/amd64/libzip.so
7f701f388000-7f701f389000 rw-p 0001b000 08:03 1600139                    /usr/lib/jvm/jdk1.8.0/jre/lib/amd64/libzip.so
7f701f389000-7f701f395000 r-xp 00000000 08:03 790517                     /lib/x86_64-linux-gnu/libnss_files-2.17.so
7f701f395000-7f701f594000 ---p 0000c000 08:03 790517                     /lib/x86_64-linux-gnu/libnss_files-2.17.so
7f701f594000-7f701f595000 r--p 0000b000 08:03 790517                     /lib/x86_64-linux-gnu/libnss_files-2.17.so
7f701f595000-7f701f596000 rw-p 0000c000 08:03 790517                     /lib/x86_64-linux-gnu/libnss_files-2.17.so
7f701f596000-7f701f5a1000 r-xp 00000000 08:03 790521                     /lib/x86_64-linux-gnu/libnss_nis-2.17.so
7f701f5a1000-7f701f7a0000 ---p 0000b000 08:03 790521                     /lib/x86_64-linux-gnu/libnss_nis-2.17.so
7f701f7a0000-7f701f7a1000 r--p 0000a000 08:03 790521                     /lib/x86_64-linux-gnu/libnss_nis-2.17.so
7f701f7a1000-7f701f7a2000 rw-p 0000b000 08:03 790521                     /lib/x86_64-linux-gnu/libnss_nis-2.17.so
7f701f7a2000-7f701f7b9000 r-xp 00000000 08:03 790511                     /lib/x86_64-linux-gnu/libnsl-2.17.so
7f701f7b9000-7f701f9b8000 ---p 00017000 08:03 790511                     /lib/x86_64-linux-gnu/libnsl-2.17.so
7f701f9b8000-7f701f9b9000 r--p 00016000 08:03 790511                     /lib/x86_64-linux-gnu/libnsl-2.17.so
7f701f9b9000-7f701f9ba000 rw-p 00017000 08:03 790511                     /lib/x86_64-linux-gnu/libnsl-2.17.so
7f701f9ba000-7f701f9bc000 rw-p 00000000 00:00 0 
7f701f9bc000-7f701f9c4000 r-xp 00000000 08:03 790513                     /lib/x86_64-linux-gnu/libnss_compat-2.17.so
7f701f9c4000-7f701fbc3000 ---p 00008000 08:03 790513                     /lib/x86_64-linux-gnu/libnss_compat-2.17.so
7f701fbc3000-7f701fbc4000 r--p 00007000 08:03 790513                     /lib/x86_64-linux-gnu/libnss_compat-2.17.so
7f701fbc4000-7f701fbc5000 rw-p 00008000 08:03 790513                     /lib/x86_64-linux-gnu/libnss_compat-2.17.so
7f701fbc5000-7f701fbef000 r-xp 00000000 08:03 1600198                    /usr/lib/jvm/jdk1.8.0/jre/lib/amd64/libjava.so
7f701fbef000-7f701fdef000 ---p 0002a000 08:03 1600198                    /usr/lib/jvm/jdk1.8.0/jre/lib/amd64/libjava.so
7f701fdef000-7f701fdf1000 rw-p 0002a000 08:03 1600198                    /usr/lib/jvm/jdk1.8.0/jre/lib/amd64/libjava.so
7f701fdf1000-7f701fdfe000 r-xp 00000000 08:03 1600157                    /usr/lib/jvm/jdk1.8.0/jre/lib/amd64/libverify.so
7f701fdfe000-7f701fffe000 ---p 0000d000 08:03 1600157                    /usr/lib/jvm/jdk1.8.0/jre/lib/amd64/libverify.so
7f701fffe000-7f7020000000 rw-p 0000d000 08:03 1600157                    /usr/lib/jvm/jdk1.8.0/jre/lib/amd64/libverify.so
7f7020000000-7f7020410000 rw-p 00000000 00:00 0 
7f7020410000-7f7024000000 ---p 00000000 00:00 0 
7f7024000000-7f7024003000 r--s 0001c000 08:03 2891177                    /home/bryant/jmonkeyplatform/jmonkeyplatform/libs/jME3-networking.jar
7f7024003000-7f7024005000 r--s 00017000 08:03 2891229                    /home/bryant/jmonkeyplatform/jmonkeyplatform/libs/jME3-lwjgl.jar
7f7024005000-7f7024007000 r--s 00243000 08:03 2891136                    /home/bryant/jmonkeyplatform/jmonkeyplatform/libs/jME3-lwjgl-natives.jar
7f7024007000-7f7024009000 r--s 00018000 08:03 2891233                    /home/bryant/jmonkeyplatform/jmonkeyplatform/libs/jME3-jogl.jar
7f7024009000-7f702400d000 r--s 00025000 08:03 2891208                    /home/bryant/jmonkeyplatform/jmonkeyplatform/libs/jME3-jbullet.jar
7f702400d000-7f7024010000 r--s 0007f000 08:03 2891211                    /home/bryant/jmonkeyplatform/jmonkeyplatform/libs/jME3-effects.jar
7f7024010000-7f7024013000 r--s 00035000 08:03 2891209                    /home/bryant/jmonkeyplatform/jmonkeyplatform/libs/jME3-desktop.jar
7f7024013000-7f7024016000 r--s 00023000 08:03 2891223                    /home/bryant/jmonkeyplatform/jmonkeyplatform/libs/jME3-bullet.jar
7f7024016000-7f7024065000 rw-p 00000000 00:00 0 
7f7024065000-7f702406c000 r-xp 00000000 08:03 790564                     /lib/x86_64-linux-gnu/librt-2.17.so
7f702406c000-7f702426b000 ---p 00007000 08:03 790564                     /lib/x86_64-linux-gnu/librt-2.17.so
7f702426b000-7f702426c000 r--p 00006000 08:03 790564                     /lib/x86_64-linux-gnu/librt-2.17.so
7f702426c000-7f702426d000 rw-p 00007000 08:03 790564                     /lib/x86_64-linux-gnu/librt-2.17.so
7f702426d000-7f7024370000 r-xp 00000000 08:03 790492                     /lib/x86_64-linux-gnu/libm-2.17.so
7f7024370000-7f702456f000 ---p 00103000 08:03 790492                     /lib/x86_64-linux-gnu/libm-2.17.so
7f702456f000-7f7024570000 r--p 00102000 08:03 790492                     /lib/x86_64-linux-gnu/libm-2.17.so
7f7024570000-7f7024571000 rw-p 00103000 08:03 790492                     /lib/x86_64-linux-gnu/libm-2.17.so
7f7024571000-7f702518a000 r-xp 00000000 08:03 1600192                    /usr/lib/jvm/jdk1.8.0/jre/lib/amd64/server/libjvm.so
7f702518a000-7f702538a000 ---p 00c19000 08:03 1600192                    /usr/lib/jvm/jdk1.8.0/jre/lib/amd64/server/libjvm.so
7f702538a000-7f7025453000 rw-p 00c19000 08:03 1600192                    /usr/lib/jvm/jdk1.8.0/jre/lib/amd64/server/libjvm.so
7f7025453000-7f7025494000 rw-p 00000000 00:00 0 
7f7025494000-7f7025651000 r-xp 00000000 08:03 790442                     /lib/x86_64-linux-gnu/libc-2.17.so
7f7025651000-7f7025851000 ---p 001bd000 08:03 790442                     /lib/x86_64-linux-gnu/libc-2.17.so
7f7025851000-7f7025855000 r--p 001bd000 08:03 790442                     /lib/x86_64-linux-gnu/libc-2.17.so
7f7025855000-7f7025857000 rw-p 001c1000 08:03 790442                     /lib/x86_64-linux-gnu/libc-2.17.so
7f7025857000-7f702585c000 rw-p 00000000 00:00 0 
7f702585c000-7f702585f000 r-xp 00000000 08:03 790457                     /lib/x86_64-linux-gnu/libdl-2.17.so
7f702585f000-7f7025a5e000 ---p 00003000 08:03 790457                     /lib/x86_64-linux-gnu/libdl-2.17.so
7f7025a5e000-7f7025a5f000 r--p 00002000 08:03 790457                     /lib/x86_64-linux-gnu/libdl-2.17.so
7f7025a5f000-7f7025a60000 rw-p 00003000 08:03 790457                     /lib/x86_64-linux-gnu/libdl-2.17.so
7f7025a60000-7f7025a77000 r-xp 00000000 08:03 1598803                    /usr/lib/jvm/jdk1.8.0/lib/amd64/jli/libjli.so
7f7025a77000-7f7025c76000 ---p 00017000 08:03 1598803                    /usr/lib/jvm/jdk1.8.0/lib/amd64/jli/libjli.so
7f7025c76000-7f7025c77000 rw-p 00016000 08:03 1598803                    /usr/lib/jvm/jdk1.8.0/lib/amd64/jli/libjli.so
7f7025c77000-7f7025c8e000 r-xp 00000000 08:03 790556                     /lib/x86_64-linux-gnu/libpthread-2.17.so
7f7025c8e000-7f7025e8e000 ---p 00017000 08:03 790556                     /lib/x86_64-linux-gnu/libpthread-2.17.so
7f7025e8e000-7f7025e8f000 r--p 00017000 08:03 790556                     /lib/x86_64-linux-gnu/libpthread-2.17.so
7f7025e8f000-7f7025e90000 rw-p 00018000 08:03 790556                     /lib/x86_64-linux-gnu/libpthread-2.17.so
7f7025e90000-7f7025e94000 rw-p 00000000 00:00 0 
7f7025e94000-7f7025eb7000 r-xp 00000000 08:03 790418                     /lib/x86_64-linux-gnu/ld-2.17.so
7f7025eb7000-7f7025eb8000 r--s 00002000 08:03 2891234                    /home/bryant/jmonkeyplatform/jmonkeyplatform/libs/jME3-jogg.jar
7f7025eb8000-7f7025eb9000 r--s 00001000 08:03 2891237                    /home/bryant/jmonkeyplatform/jmonkeyplatform/libs/jME3-ios.jar
7f7025eb9000-7f7025eba000 r--s 00345000 08:03 2891117                    /home/bryant/jmonkeyplatform/jmonkeyplatform/libs/jME3-bullet-natives.jar
7f7025eba000-7f7025ecb000 r--s 0011b000 08:03 2891232                    /home/bryant/jmonkeyplatform/jmonkeyplatform/libs/jME3-core.jar
7f7025ecb000-7f7025f96000 rw-p 00000000 00:00 0 
7f7025f96000-7f7025f99000 ---p 00000000 00:00 0 
7f7025f99000-7f702609b000 rw-p 00000000 00:00 0                          [stack:12027]
7f702609b000-7f702609c000 r--s 001a0000 08:03 2890944                    /home/bryant/jmonkeyplatform/jmonkeyplatform/libs/jME3-bullet-natives-android.jar
7f702609c000-7f70260a3000 r--s 00050000 08:03 2891216                    /home/bryant/jmonkeyplatform/jmonkeyplatform/libs/jME3-blender.jar
7f70260a3000-7f70260a5000 r--s 0001d000 08:03 2891210                    /home/bryant/jmonkeyplatform/jmonkeyplatform/libs/jME3-android.jar
7f70260a5000-7f70260a6000 r--s 00009000 08:03 2891201                    /home/bryant/jmonkeyplatform/jmonkeyplatform/libs/j-ogg-vorbisd.jar
7f70260a6000-7f70260a8000 r--s 00005000 08:03 2891227                    /home/bryant/jmonkeyplatform/jmonkeyplatform/libs/j-ogg-oggd.jar
7f70260a8000-7f70260aa000 r--s 00012000 08:03 2891238                    /home/bryant/jmonkeyplatform/jmonkeyplatform/libs/eventbus.jar
7f70260aa000-7f70260b2000 rw-s 00000000 08:03 1048848                    /tmp/hsperfdata_bryant/12023
7f70260b2000-7f70260b3000 rw-p 00000000 00:00 0 
7f70260b3000-7f70260b4000 ---p 00000000 00:00 0 
7f70260b4000-7f70260b6000 rw-p 00000000 00:00 0 
7f70260b6000-7f70260b7000 r--p 00022000 08:03 790418                     /lib/x86_64-linux-gnu/ld-2.17.so
7f70260b7000-7f70260b9000 rw-p 00023000 08:03 790418                     /lib/x86_64-linux-gnu/ld-2.17.so
7fff3f7c4000-7fff3f7e6000 rw-p 00000000 00:00 0                          [stack]
7fff3f7f4000-7fff3f7f6000 r-xp 00000000 00:00 0                          [vdso]
ffffffffff600000-ffffffffff601000 r-xp 00000000 00:00 0                  [vsyscall]

VM Arguments:
jvm_args: -Dfile.encoding=UTF-8 
java_command: com.SatanicSpider.Main
java_class_path (initial): /home/bryant/jmonkeyplatform/jmonkeyplatform/libs/jME3-core.jar:/home/bryant/jmonkeyplatform/jmonkeyplatform/libs/eventbus.jar:/home/bryant/jmonkeyplatform/jmonkeyplatform/libs/j-ogg-oggd.jar:/home/bryant/jmonkeyplatform/jmonkeyplatform/libs/j-ogg-vorbisd.jar:/home/bryant/jmonkeyplatform/jmonkeyplatform/libs/jME3-android.jar:/home/bryant/jmonkeyplatform/jmonkeyplatform/libs/jME3-blender.jar:/home/bryant/jmonkeyplatform/jmonkeyplatform/libs/jME3-bullet-natives-android.jar:/home/bryant/jmonkeyplatform/jmonkeyplatform/libs/jME3-bullet-natives.jar:/home/bryant/jmonkeyplatform/jmonkeyplatform/libs/jME3-bullet.jar:/home/bryant/jmonkeyplatform/jmonkeyplatform/libs/jME3-desktop.jar:/home/bryant/jmonkeyplatform/jmonkeyplatform/libs/jME3-effects.jar:/home/bryant/jmonkeyplatform/jmonkeyplatform/libs/jME3-ios.jar:/home/bryant/jmonkeyplatform/jmonkeyplatform/libs/jME3-jbullet.jar:/home/bryant/jmonkeyplatform/jmonkeyplatform/libs/jME3-jogg.jar:/home/bryant/jmonkeyplatform/jmonkeyplatform/libs/jME3-jogl.jar:/home/bryant/jmonkeyplatform/jmonkeyplatform/libs/jME3-lwjgl-natives.jar:/home/bryant/jmonkeyplatform/jmonkeyplatform/libs/jME3-lwjgl.jar:/home/bryant/jmonkeyplatform/jmonkeyplatform/libs/jME3-networking.jar:/home/bryant/jmonkeyplatform/jmonkeyplatform/libs/jME3-niftygui.jar:/home/bryant/jmonkeyplatform/jmonkeyplatform/libs/jME3-openal-soft-natives-android.jar:/home/bryant/jmonkeyplatform/jmonkeyplatform/libs/jME3-plugins.jar:/home/bryant/jmonkeyplatform/jmonkeyplatform/libs/jME3-terrain.jar:/home/bryant/jmonkeyplatform/jmonkeyplatform/libs/jbullet.jar:/home/bryant/jmonkeyplatform/jmonkeyplatform/libs/jinput.jar:/home/bryant/jmonkeyplatform/jmonkeyplatform/libs/lwjgl.jar:/home/bryant/jmonkeyplatform/jmonkeyplatform/libs/nifty-default-controls.jar:/home/bryant/jmonkeyplatform/jmonkeyplatform/libs/nifty-style-black.jar:/home/bryant/jmonkeyplatform/jmonkeyplatform/libs/nifty.jar:/home/bryant/jmonkeyplatform/jmonkeyplatform/libs/stack-alloc.jar:/home/br
Launcher Type: SUN_STANDARD

Environment Variables:
PATH=/usr/lib/lightdm/lightdm:/usr/local/sbin:/usr/local/bin:/usr/sbin:/usr/bin:/sbin:/bin:/usr/games:/usr/local/games
LD_LIBRARY_PATH=/usr/lib/jvm/jdk1.8.0/jre/lib/amd64:/usr/lib/jvm/jdk1.8.0/jre/lib/i386:
SHELL=/bin/bash
DISPLAY=:0.0

Signal Handlers:
SIGSEGV: [libjvm.so+0xa2fc40], sa_mask[0]=0x7ffbfeff, sa_flags=0x10000004
SIGBUS: [libjvm.so+0xa2fc40], sa_mask[0]=0x7ffbfeff, sa_flags=0x10000004
SIGFPE: [libjvm.so+0x89b440], sa_mask[0]=0x7ffbfeff, sa_flags=0x10000004
SIGPIPE: [libjvm.so+0x89b440], sa_mask[0]=0x7ffbfeff, sa_flags=0x10000004
SIGXFSZ: [libjvm.so+0x89b440], sa_mask[0]=0x7ffbfeff, sa_flags=0x10000004
SIGILL: [libjvm.so+0x89b440], sa_mask[0]=0x7ffbfeff, sa_flags=0x10000004
SIGUSR1: SIG_DFL, sa_mask[0]=0x00000000, sa_flags=0x00000000
SIGUSR2: [libjvm.so+0x89cbe0], sa_mask[0]=0x00000004, sa_flags=0x10000004
SIGHUP: [libjvm.so+0x89de90], sa_mask[0]=0x7ffbfeff, sa_flags=0x10000004
SIGINT: SIG_IGN, sa_mask[0]=0x00000000, sa_flags=0x00000000
SIGTERM: [libjvm.so+0x89de90], sa_mask[0]=0x7ffbfeff, sa_flags=0x10000004
SIGQUIT: [libjvm.so+0x89de90], sa_mask[0]=0x7ffbfeff, sa_flags=0x10000004


---------------  S Y S T E M  ---------------

OS:DISTRIB_ID=Ubuntu
DISTRIB_RELEASE=13.10
DISTRIB_CODENAME=saucy
DISTRIB_DESCRIPTION="Ubuntu 13.10"

uname:Linux 3.11.0-24-generic #42-Ubuntu SMP Fri Jul 4 21:19:31 UTC 2014 x86_64
libc:glibc 2.17 NPTL 2.17 
rlimit: STACK 8192k, CORE 0k, NPROC 62268, NOFILE 4096, AS infinity
load average:2.80 0.77 0.40

/proc/meminfo:
MemTotal:        8053492 kB
MemFree:          125900 kB
Buffers:             268 kB
Cached:           595752 kB
SwapCached:            0 kB
Active:          7089896 kB
Inactive:         580372 kB
Active(anon):    7087496 kB
Inactive(anon):   578768 kB
Active(file):       2400 kB
Inactive(file):     1604 kB
Unevictable:          48 kB
Mlocked:              48 kB
SwapTotal:             0 kB
SwapFree:              0 kB
Dirty:                 8 kB
Writeback:             0 kB
AnonPages:       7073928 kB
Mapped:           102464 kB
Shmem:            592380 kB
Slab:              84600 kB
SReclaimable:      37388 kB
SUnreclaim:        47212 kB
KernelStack:        6056 kB
PageTables:        67684 kB
NFS_Unstable:          0 kB
Bounce:                0 kB
WritebackTmp:          0 kB
CommitLimit:     4026744 kB
Committed_AS:   12049060 kB
VmallocTotal:   34359738367 kB
VmallocUsed:      362624 kB
VmallocChunk:   34359356540 kB
HardwareCorrupted:     0 kB
AnonHugePages:         0 kB
HugePages_Total:       0
HugePages_Free:        0
HugePages_Rsvd:        0
HugePages_Surp:        0
Hugepagesize:       2048 kB
DirectMap4k:      103888 kB
DirectMap2M:     8230912 kB


CPU:total 8 (4 cores per cpu, 2 threads per core) family 6 model 42 stepping 7, cmov, cx8, fxsr, mmx, sse, sse2, sse3, ssse3, sse4.1, sse4.2, popcnt, avx, aes, clmul, ht, tsc, tscinvbit

/proc/cpuinfo:
processor	: 0
vendor_id	: GenuineIntel
cpu family	: 6
model		: 42
model name	: Intel(R) Core(TM) i7-2720QM CPU @ 2.20GHz
stepping	: 7
microcode	: 0x28
cpu MHz		: 2201.000
cache size	: 6144 KB
physical id	: 0
siblings	: 8
core id		: 0
cpu cores	: 4
apicid		: 0
initial apicid	: 0
fpu		: yes
fpu_exception	: yes
cpuid level	: 13
wp		: yes
flags		: fpu vme de pse tsc msr pae mce cx8 apic sep mtrr pge mca cmov pat pse36 clflush dts acpi mmx fxsr sse sse2 ss ht tm pbe syscall nx rdtscp lm constant_tsc arch_perfmon pebs bts rep_good nopl xtopology nonstop_tsc aperfmperf eagerfpu pni pclmulqdq dtes64 monitor ds_cpl vmx smx est tm2 ssse3 cx16 xtpr pdcm pcid sse4_1 sse4_2 x2apic popcnt tsc_deadline_timer aes xsave avx lahf_lm ida arat epb xsaveopt pln pts dtherm tpr_shadow vnmi flexpriority ept vpid
bogomips	: 4390.10
clflush size	: 64
cache_alignment	: 64
address sizes	: 36 bits physical, 48 bits virtual
power management:

processor	: 1
vendor_id	: GenuineIntel
cpu family	: 6
model		: 42
model name	: Intel(R) Core(TM) i7-2720QM CPU @ 2.20GHz
stepping	: 7
microcode	: 0x28
cpu MHz		: 2201.000
cache size	: 6144 KB
physical id	: 0
siblings	: 8
core id		: 1
cpu cores	: 4
apicid		: 2
initial apicid	: 2
fpu		: yes
fpu_exception	: yes
cpuid level	: 13
wp		: yes
flags		: fpu vme de pse tsc msr pae mce cx8 apic sep mtrr pge mca cmov pat pse36 clflush dts acpi mmx fxsr sse sse2 ss ht tm pbe syscall nx rdtscp lm constant_tsc arch_perfmon pebs bts rep_good nopl xtopology nonstop_tsc aperfmperf eagerfpu pni pclmulqdq dtes64 monitor ds_cpl vmx smx est tm2 ssse3 cx16 xtpr pdcm pcid sse4_1 sse4_2 x2apic popcnt tsc_deadline_timer aes xsave avx lahf_lm ida arat epb xsaveopt pln pts dtherm tpr_shadow vnmi flexpriority ept vpid
bogomips	: 4390.10
clflush size	: 64
cache_alignment	: 64
address sizes	: 36 bits physical, 48 bits virtual
power management:

processor	: 2
vendor_id	: GenuineIntel
cpu family	: 6
model		: 42
model name	: Intel(R) Core(TM) i7-2720QM CPU @ 2.20GHz
stepping	: 7
microcode	: 0x28
cpu MHz		: 2201.000
cache size	: 6144 KB
physical id	: 0
siblings	: 8
core id		: 2
cpu cores	: 4
apicid		: 4
initial apicid	: 4
fpu		: yes
fpu_exception	: yes
cpuid level	: 13
wp		: yes
flags		: fpu vme de pse tsc msr pae mce cx8 apic sep mtrr pge mca cmov pat pse36 clflush dts acpi mmx fxsr sse sse2 ss ht tm pbe syscall nx rdtscp lm constant_tsc arch_perfmon pebs bts rep_good nopl xtopology nonstop_tsc aperfmperf eagerfpu pni pclmulqdq dtes64 monitor ds_cpl vmx smx est tm2 ssse3 cx16 xtpr pdcm pcid sse4_1 sse4_2 x2apic popcnt tsc_deadline_timer aes xsave avx lahf_lm ida arat epb xsaveopt pln pts dtherm tpr_shadow vnmi flexpriority ept vpid
bogomips	: 4390.10
clflush size	: 64
cache_alignment	: 64
address sizes	: 36 bits physical, 48 bits virtual
power management:

processor	: 3
vendor_id	: GenuineIntel
cpu family	: 6
model		: 42
model name	: Intel(R) Core(TM) i7-2720QM CPU @ 2.20GHz
stepping	: 7
microcode	: 0x28
cpu MHz		: 2201.000
cache size	: 6144 KB
physical id	: 0
siblings	: 8
core id		: 3
cpu cores	: 4
apicid		: 6
initial apicid	: 6
fpu		: yes
fpu_exception	: yes
cpuid level	: 13
wp		: yes
flags		: fpu vme de pse tsc msr pae mce cx8 apic sep mtrr pge mca cmov pat pse36 clflush dts acpi mmx fxsr sse sse2 ss ht tm pbe syscall nx rdtscp lm constant_tsc arch_perfmon pebs bts rep_good nopl xtopology nonstop_tsc aperfmperf eagerfpu pni pclmulqdq dtes64 monitor ds_cpl vmx smx est tm2 ssse3 cx16 xtpr pdcm pcid sse4_1 sse4_2 x2apic popcnt tsc_deadline_timer aes xsave avx lahf_lm ida arat epb xsaveopt pln pts dtherm tpr_shadow vnmi flexpriority ept vpid
bogomips	: 4390.10
clflush size	: 64
cache_alignment	: 64
address sizes	: 36 bits physical, 48 bits virtual
power management:

processor	: 4
vendor_id	: GenuineIntel
cpu family	: 6
model		: 42
model name	: Intel(R) Core(TM) i7-2720QM CPU @ 2.20GHz
stepping	: 7
microcode	: 0x28
cpu MHz		: 1700.000
cache size	: 6144 KB
physical id	: 0
siblings	: 8
core id		: 0
cpu cores	: 4
apicid		: 1
initial apicid	: 1
fpu		: yes
fpu_exception	: yes
cpuid level	: 13
wp		: yes
flags		: fpu vme de pse tsc msr pae mce cx8 apic sep mtrr pge mca cmov pat pse36 clflush dts acpi mmx fxsr sse sse2 ss ht tm pbe syscall nx rdtscp lm constant_tsc arch_perfmon pebs bts rep_good nopl xtopology nonstop_tsc aperfmperf eagerfpu pni pclmulqdq dtes64 monitor ds_cpl vmx smx est tm2 ssse3 cx16 xtpr pdcm pcid sse4_1 sse4_2 x2apic popcnt tsc_deadline_timer aes xsave avx lahf_lm ida arat epb xsaveopt pln pts dtherm tpr_shadow vnmi flexpriority ept vpid
bogomips	: 4390.10
clflush size	: 64
cache_alignment	: 64
address sizes	: 36 bits physical, 48 bits virtual
power management:

processor	: 5
vendor_id	: GenuineIntel
cpu family	: 6
model		: 42
model name	: Intel(R) Core(TM) i7-2720QM CPU @ 2.20GHz
stepping	: 7
microcode	: 0x28
cpu MHz		: 2201.000
cache size	: 6144 KB
physical id	: 0
siblings	: 8
core id		: 1
cpu cores	: 4
apicid		: 3
initial apicid	: 3
fpu		: yes
fpu_exception	: yes
cpuid level	: 13
wp		: yes
flags		: fpu vme de pse tsc msr pae mce cx8 apic sep mtrr pge mca cmov pat pse36 clflush dts acpi mmx fxsr sse sse2 ss ht tm pbe syscall nx rdtscp lm constant_tsc arch_perfmon pebs bts rep_good nopl xtopology nonstop_tsc aperfmperf eagerfpu pni pclmulqdq dtes64 monitor ds_cpl vmx smx est tm2 ssse3 cx16 xtpr pdcm pcid sse4_1 sse4_2 x2apic popcnt tsc_deadline_timer aes xsave avx lahf_lm ida arat epb xsaveopt pln pts dtherm tpr_shadow vnmi flexpriority ept vpid
bogomips	: 4390.10
clflush size	: 64
cache_alignment	: 64
address sizes	: 36 bits physical, 48 bits virtual
power management:

processor	: 6
vendor_id	: GenuineIntel
cpu family	: 6
model		: 42
model name	: Intel(R) Core(TM) i7-2720QM CPU @ 2.20GHz
stepping	: 7
microcode	: 0x28
cpu MHz		: 2201.000
cache size	: 6144 KB
physical id	: 0
siblings	: 8
core id		: 2
cpu cores	: 4
apicid		: 5
initial apicid	: 5
fpu		: yes
fpu_exception	: yes
cpuid level	: 13
wp		: yes
flags		: fpu vme de pse tsc msr pae mce cx8 apic sep mtrr pge mca cmov pat pse36 clflush dts acpi mmx fxsr sse sse2 ss ht tm pbe syscall nx rdtscp lm constant_tsc arch_perfmon pebs bts rep_good nopl xtopology nonstop_tsc aperfmperf eagerfpu pni pclmulqdq dtes64 monitor ds_cpl vmx smx est tm2 ssse3 cx16 xtpr pdcm pcid sse4_1 sse4_2 x2apic popcnt tsc_deadline_timer aes xsave avx lahf_lm ida arat epb xsaveopt pln pts dtherm tpr_shadow vnmi flexpriority ept vpid
bogomips	: 4390.10
clflush size	: 64
cache_alignment	: 64
address sizes	: 36 bits physical, 48 bits virtual
power management:

processor	: 7
vendor_id	: GenuineIntel
cpu family	: 6
model		: 42
model name	: Intel(R) Core(TM) i7-2720QM CPU @ 2.20GHz
stepping	: 7
microcode	: 0x28
cpu MHz		: 800.000
cache size	: 6144 KB
physical id	: 0
siblings	: 8
core id		: 3
cpu cores	: 4
apicid		: 7
initial apicid	: 7
fpu		: yes
fpu_exception	: yes
cpuid level	: 13
wp		: yes
flags		: fpu vme de pse tsc msr pae mce cx8 apic sep mtrr pge mca cmov pat pse36 clflush dts acpi mmx fxsr sse sse2 ss ht tm pbe syscall nx rdtscp lm constant_tsc arch_perfmon pebs bts rep_good nopl xtopology nonstop_tsc aperfmperf eagerfpu pni pclmulqdq dtes64 monitor ds_cpl vmx smx est tm2 ssse3 cx16 xtpr pdcm pcid sse4_1 sse4_2 x2apic popcnt tsc_deadline_timer aes xsave avx lahf_lm ida arat epb xsaveopt pln pts dtherm tpr_shadow vnmi flexpriority ept vpid
bogomips	: 4390.10
clflush size	: 64
cache_alignment	: 64
address sizes	: 36 bits physical, 48 bits virtual
power management:



Memory: 4k page, physical 8053492k(125108k free), swap 0k(0k free)

vm_info: Java HotSpot(TM) 64-Bit Server VM (25.0-b70) for linux-amd64 JRE (1.8.0-b132), built on Mar  4 2014 03:07:25 by "java_re" with gcc 4.3.0 20080428 (Red Hat 4.3.0-8)

time: Sun Jul 20 19:46:11 2014
elapsed time: 9 seconds

